2019-10-26 15:57:49 INFO  SNM_Internal_NumberSeries_Test:29 - ========= Beginning of testcase :test_create_external_number_length ===========
2019-10-26 15:57:51 INFO  SNM_Internal_NumberSeries_Test:1321 - After successful login
2019-10-26 15:57:52 DEBUG SNM_Internal_NumberSeries_Test:1333 - Add external number length is successful
2019-10-26 15:57:53 INFO  SNM_Internal_NumberSeries_Test:63 - java.lang.NullPointerException
2019-10-26 15:57:55 INFO  SNM_Internal_NumberSeries_Test:298 - After successful login
2019-10-26 15:57:55 DEBUG SNM_Internal_NumberSeries_Test:310 - Record is present
2019-10-26 15:59:23 INFO  SNM_Internal_NumberSeries_Test:29 - ========= Beginning of testcase :test_create_external_number_length ===========
2019-10-26 15:59:25 INFO  SNM_Internal_NumberSeries_Test:1321 - After successful login
2019-10-26 15:59:26 DEBUG SNM_Internal_NumberSeries_Test:1333 - Add external number length is successful
2019-10-26 15:59:28 INFO  SNM_Internal_NumberSeries_Test:298 - After successful login
2019-10-26 15:59:29 DEBUG SNM_Internal_NumberSeries_Test:310 - Record is present
2019-10-26 16:22:01 INFO  SNM_Internal_NumberSeries_Test:29 - ========= Beginning of testcase :test_edit_extNumLength ===========
2019-10-26 16:22:03 INFO  SNM_Internal_NumberSeries_Test:1321 - After successful login
2019-10-26 16:22:25 INFO  SNM_Internal_NumberSeries_Test:29 - ========= Beginning of testcase :test_edit_extNumLength ===========
2019-10-26 16:22:27 INFO  SNM_Internal_NumberSeries_Test:1321 - After successful login
2019-10-26 16:22:28 DEBUG SNM_Internal_NumberSeries_Test:1333 - Add external number length is successful
2019-10-26 16:22:29 INFO  SNM_Internal_NumberSeries_Test:103 - Now edit external number length
2019-10-26 16:23:04 INFO  SNM_Internal_NumberSeries_Test:130 - org.openqa.selenium.TimeoutException: Expected condition failed: waiting for text ('Change operation successful for:') to be present in element Proxy element for: DefaultElementLocator 'By.xpath: //span[contains(@class,'responseMessage')]' (tried for 30 second(s) with 500 milliseconds interval)
2019-10-26 16:23:05 INFO  SNM_Internal_NumberSeries_Test:298 - After successful login
2019-10-26 16:23:06 DEBUG SNM_Internal_NumberSeries_Test:310 - Record is present
2019-10-26 16:23:23 INFO  SNM_Internal_NumberSeries_Test:29 - ========= Beginning of testcase :test_edit_extNumLength ===========
2019-10-26 16:23:25 INFO  SNM_Internal_NumberSeries_Test:1321 - After successful login
2019-10-26 16:23:26 DEBUG SNM_Internal_NumberSeries_Test:1333 - Add external number length is successful
2019-10-26 16:23:27 INFO  SNM_Internal_NumberSeries_Test:103 - Now edit external number length
2019-10-26 16:23:28 INFO  SNM_Internal_NumberSeries_Test:113 - edit done successfully
2019-10-26 16:23:29 INFO  SNM_Internal_NumberSeries_Test:298 - After successful login
2019-10-26 16:29:46 INFO  SNM_Internal_NumberSeries_Test:29 - ========= Beginning of testcase :test_edit_extNumLength ===========
2019-10-26 16:29:48 INFO  SNM_Internal_NumberSeries_Test:1321 - After successful login
2019-10-26 16:29:49 DEBUG SNM_Internal_NumberSeries_Test:1333 - Add external number length is successful
2019-10-26 16:29:49 INFO  SNM_Internal_NumberSeries_Test:103 - Now edit external number length
2019-10-26 16:29:50 INFO  SNM_Internal_NumberSeries_Test:113 - edit done successfully
2019-10-26 16:29:52 INFO  SNM_Internal_NumberSeries_Test:297 - After successful login
2019-10-26 16:29:53 DEBUG SNM_Internal_NumberSeries_Test:307 - Record is present
2019-10-26 16:30:08 INFO  SNM_Internal_NumberSeries_Test:29 - ========= Beginning of testcase :test_edit_extNumLength ===========
2019-10-26 16:30:10 INFO  SNM_Internal_NumberSeries_Test:1321 - After successful login
2019-10-26 16:30:12 DEBUG SNM_Internal_NumberSeries_Test:1333 - Add external number length is successful
2019-10-26 16:30:12 INFO  SNM_Internal_NumberSeries_Test:103 - Now edit external number length
2019-10-26 16:30:13 INFO  SNM_Internal_NumberSeries_Test:113 - edit done successfully
2019-10-26 16:30:15 INFO  SNM_Internal_NumberSeries_Test:297 - After successful login
2019-10-26 16:30:15 DEBUG SNM_Internal_NumberSeries_Test:307 - Record is present
2019-10-26 16:31:26 INFO  SNM_Internal_NumberSeries_Test:29 - ========= Beginning of testcase :test_edit_extNumLength ===========
2019-10-26 16:31:28 INFO  SNM_Internal_NumberSeries_Test:1321 - After successful login
2019-10-26 16:31:30 DEBUG SNM_Internal_NumberSeries_Test:1333 - Add external number length is successful
2019-10-26 16:31:30 INFO  SNM_Internal_NumberSeries_Test:103 - Now edit external number length
2019-10-26 16:31:31 INFO  SNM_Internal_NumberSeries_Test:113 - edit done successfully
2019-10-26 16:31:32 INFO  SNM_Internal_NumberSeries_Test:297 - After successful login
2019-10-26 16:31:33 DEBUG SNM_Internal_NumberSeries_Test:307 - Record is present
2019-10-26 17:02:14 INFO  SNM_Internal_NumberSeries_Test:29 - ========= Beginning of testcase :test_verify_popup_when_num_greaterThanLen10 ===========
2019-10-26 17:02:16 INFO  SNM_Internal_NumberSeries_Test:163 - After successful login
2019-10-26 17:02:17 INFO  SNM_Internal_NumberSeries_Test:182 - org.openqa.selenium.NoAlertPresentException: no such alert
  (Session info: chrome=78.0.3904.70)
Build info: version: '3.141.59', revision: 'e82be7d358', time: '2018-11-14T08:17:03'
System info: host: 'DESKTOP-D19U8M5', ip: '10.211.163.181', os.name: 'Windows 10', os.arch: 'amd64', os.version: '10.0', java.version: '1.8.0_181'
Driver info: org.openqa.selenium.chrome.ChromeDriver
Capabilities {acceptInsecureCerts: false, browserName: chrome, browserVersion: 78.0.3904.70, chrome: {chromedriverVersion: 77.0.3865.40 (f484704e052e0..., userDataDir: C:\Users\MALLIK~1\AppData\L...}, goog:chromeOptions: {debuggerAddress: localhost:64977}, javascriptEnabled: true, networkConnectionEnabled: false, pageLoadStrategy: normal, platform: XP, platformName: XP, proxy: Proxy(), setWindowRect: true, strictFileInteractability: false, timeouts: {implicit: 0, pageLoad: 300000, script: 30000}, unhandledPromptBehavior: accept}
Session ID: 46c995fd19c9eddbbdff3d4b538bdd2d
2019-10-26 17:02:56 INFO  SNM_Internal_NumberSeries_Test:29 - ========= Beginning of testcase :test_verify_popup_when_num_greaterThanLen10 ===========
2019-10-26 17:02:57 INFO  SNM_Internal_NumberSeries_Test:163 - After successful login
2019-10-26 17:02:59 INFO  SNM_Internal_NumberSeries_Test:182 - org.openqa.selenium.NoAlertPresentException: no such alert
  (Session info: chrome=78.0.3904.70)
Build info: version: '3.141.59', revision: 'e82be7d358', time: '2018-11-14T08:17:03'
System info: host: 'DESKTOP-D19U8M5', ip: '10.211.163.181', os.name: 'Windows 10', os.arch: 'amd64', os.version: '10.0', java.version: '1.8.0_181'
Driver info: org.openqa.selenium.chrome.ChromeDriver
Capabilities {acceptInsecureCerts: false, browserName: chrome, browserVersion: 78.0.3904.70, chrome: {chromedriverVersion: 77.0.3865.40 (f484704e052e0..., userDataDir: C:\Users\MALLIK~1\AppData\L...}, goog:chromeOptions: {debuggerAddress: localhost:65056}, javascriptEnabled: true, networkConnectionEnabled: false, pageLoadStrategy: normal, platform: XP, platformName: XP, proxy: Proxy(), setWindowRect: true, strictFileInteractability: false, timeouts: {implicit: 0, pageLoad: 300000, script: 30000}, unhandledPromptBehavior: accept}
Session ID: 537bd13198a1c8e3beef37f0463388c5
2019-10-26 17:03:33 INFO  SNM_Internal_NumberSeries_Test:29 - ========= Beginning of testcase :test_verify_popup_when_num_greaterThanLen10 ===========
2019-10-26 17:03:34 INFO  SNM_Internal_NumberSeries_Test:163 - After successful login
2019-10-26 17:03:36 INFO  SNM_Internal_NumberSeries_Test:183 - org.openqa.selenium.NoAlertPresentException: no such alert
  (Session info: chrome=78.0.3904.70)
Build info: version: '3.141.59', revision: 'e82be7d358', time: '2018-11-14T08:17:03'
System info: host: 'DESKTOP-D19U8M5', ip: '10.211.163.181', os.name: 'Windows 10', os.arch: 'amd64', os.version: '10.0', java.version: '1.8.0_181'
Driver info: org.openqa.selenium.chrome.ChromeDriver
Capabilities {acceptInsecureCerts: false, browserName: chrome, browserVersion: 78.0.3904.70, chrome: {chromedriverVersion: 77.0.3865.40 (f484704e052e0..., userDataDir: C:\Users\MALLIK~1\AppData\L...}, goog:chromeOptions: {debuggerAddress: localhost:65122}, javascriptEnabled: true, networkConnectionEnabled: false, pageLoadStrategy: normal, platform: XP, platformName: XP, proxy: Proxy(), setWindowRect: true, strictFileInteractability: false, timeouts: {implicit: 0, pageLoad: 300000, script: 30000}, unhandledPromptBehavior: accept}
Session ID: cc4d136119e5408d0986638a8ce78abf
2019-10-26 17:04:58 INFO  SNM_Internal_NumberSeries_Test:29 - ========= Beginning of testcase :test_verify_popup_when_num_greaterThanLen10 ===========
2019-10-26 17:04:59 INFO  SNM_Internal_NumberSeries_Test:163 - After successful login
2019-10-26 17:05:01 INFO  SNM_Internal_NumberSeries_Test:184 - org.openqa.selenium.NoAlertPresentException: no such alert
  (Session info: chrome=78.0.3904.70)
Build info: version: '3.141.59', revision: 'e82be7d358', time: '2018-11-14T08:17:03'
System info: host: 'DESKTOP-D19U8M5', ip: '10.211.163.181', os.name: 'Windows 10', os.arch: 'amd64', os.version: '10.0', java.version: '1.8.0_181'
Driver info: org.openqa.selenium.chrome.ChromeDriver
Capabilities {acceptInsecureCerts: false, browserName: chrome, browserVersion: 78.0.3904.70, chrome: {chromedriverVersion: 77.0.3865.40 (f484704e052e0..., userDataDir: C:\Users\MALLIK~1\AppData\L...}, goog:chromeOptions: {debuggerAddress: localhost:65233}, javascriptEnabled: true, networkConnectionEnabled: false, pageLoadStrategy: normal, platform: XP, platformName: XP, proxy: Proxy(), setWindowRect: true, strictFileInteractability: false, timeouts: {implicit: 0, pageLoad: 300000, script: 30000}, unhandledPromptBehavior: accept}
Session ID: 489ca779e1181946e1a9d788550dbac1
2019-10-26 17:05:28 INFO  SNM_Internal_NumberSeries_Test:29 - ========= Beginning of testcase :test_verify_popup_when_num_greaterThanLen10 ===========
2019-10-26 17:05:30 INFO  SNM_Internal_NumberSeries_Test:163 - After successful login
2019-10-26 17:05:31 INFO  SNM_Internal_NumberSeries_Test:184 - org.openqa.selenium.NoAlertPresentException: no such alert
  (Session info: chrome=78.0.3904.70)
Build info: version: '3.141.59', revision: 'e82be7d358', time: '2018-11-14T08:17:03'
System info: host: 'DESKTOP-D19U8M5', ip: '10.211.163.181', os.name: 'Windows 10', os.arch: 'amd64', os.version: '10.0', java.version: '1.8.0_181'
Driver info: org.openqa.selenium.chrome.ChromeDriver
Capabilities {acceptInsecureCerts: false, browserName: chrome, browserVersion: 78.0.3904.70, chrome: {chromedriverVersion: 77.0.3865.40 (f484704e052e0..., userDataDir: C:\Users\MALLIK~1\AppData\L...}, goog:chromeOptions: {debuggerAddress: localhost:65301}, javascriptEnabled: true, networkConnectionEnabled: false, pageLoadStrategy: normal, platform: XP, platformName: XP, proxy: Proxy(), setWindowRect: true, strictFileInteractability: false, timeouts: {implicit: 0, pageLoad: 300000, script: 30000}, unhandledPromptBehavior: accept}
Session ID: c8c937dcd251234279edbf439f98be55
2019-10-26 17:06:53 INFO  SNM_Internal_NumberSeries_Test:29 - ========= Beginning of testcase :test_verify_popup_when_num_greaterThanLen10 ===========
2019-10-26 17:06:54 INFO  SNM_Internal_NumberSeries_Test:163 - After successful login
2019-10-26 17:06:56 INFO  SNM_Internal_NumberSeries_Test:184 - org.openqa.selenium.NoAlertPresentException: no such alert
  (Session info: chrome=78.0.3904.70)
Build info: version: '3.141.59', revision: 'e82be7d358', time: '2018-11-14T08:17:03'
System info: host: 'DESKTOP-D19U8M5', ip: '10.211.163.181', os.name: 'Windows 10', os.arch: 'amd64', os.version: '10.0', java.version: '1.8.0_181'
Driver info: org.openqa.selenium.chrome.ChromeDriver
Capabilities {acceptInsecureCerts: false, browserName: chrome, browserVersion: 78.0.3904.70, chrome: {chromedriverVersion: 77.0.3865.40 (f484704e052e0..., userDataDir: C:\Users\MALLIK~1\AppData\L...}, goog:chromeOptions: {debuggerAddress: localhost:65408}, javascriptEnabled: true, networkConnectionEnabled: false, pageLoadStrategy: normal, platform: XP, platformName: XP, proxy: Proxy(), setWindowRect: true, strictFileInteractability: false, timeouts: {implicit: 0, pageLoad: 300000, script: 30000}, unhandledPromptBehavior: accept}
Session ID: 367bc76e09f241ba5309d850e66f2485
2019-10-26 17:07:41 INFO  SNM_Internal_NumberSeries_Test:29 - ========= Beginning of testcase :test_verify_popup_when_num_greaterThanLen10 ===========
2019-10-26 17:07:43 INFO  SNM_Internal_NumberSeries_Test:163 - After successful login
2019-10-26 17:20:00 INFO  SNM_Internal_NumberSeries_Test:29 - ========= Beginning of testcase :test_verify_popup_when_minLenNum_greaterThanMaxLenNum ===========
2019-10-26 17:20:02 INFO  SNM_Internal_NumberSeries_Test:212 - After successful login
2019-10-26 17:20:04 FATAL SNM_Internal_NumberSeries_Test:229 - java.lang.AssertionError: expected [true] but found [false]
2019-10-26 17:21:55 INFO  SNM_Internal_NumberSeries_Test:29 - ========= Beginning of testcase :test_verify_popup_when_minLenNum_greaterThanMaxLenNum ===========
2019-10-26 17:21:56 INFO  SNM_Internal_NumberSeries_Test:212 - After successful login
2019-10-26 17:21:59 FATAL SNM_Internal_NumberSeries_Test:230 - java.lang.AssertionError: expected [true] but found [false]
2019-10-26 17:27:40 INFO  SNM_Internal_NumberSeries_Test:29 - ========= Beginning of testcase :test_verify_popup_when_minLenNum_greaterThanMaxLenNum ===========
2019-10-26 17:27:41 INFO  SNM_Internal_NumberSeries_Test:212 - After successful login
2019-10-26 17:27:43 INFO  SNM_Internal_NumberSeries_Test:224 - Add operation failed for:
2019-10-26 17:27:43 FATAL SNM_Internal_NumberSeries_Test:230 - java.lang.AssertionError: expected [true] but found [false]
2019-10-26 17:29:49 INFO  SNM_Internal_NumberSeries_Test:29 - ========= Beginning of testcase :test_verify_popup_when_minLenNum_greaterThanMaxLenNum ===========
2019-10-26 17:29:50 INFO  SNM_Internal_NumberSeries_Test:212 - After successful login
2019-10-26 17:29:52 INFO  SNM_Internal_NumberSeries_Test:224 - Add operation failed for:
2019-10-26 17:36:22 INFO  SNM_Internal_NumberSeries_Test:29 - ========= Beginning of testcase :test_verify_popup_when_minLenNum_greaterThanMaxLenNum ===========
2019-10-26 17:36:23 INFO  SNM_Internal_NumberSeries_Test:212 - After successful login
2019-10-26 17:36:25 INFO  SNM_Internal_NumberSeries_Test:224 - External Number: 9999999999     Reason: Not allowed     Field: Minimum Length         Message: Minimum length can not be greater then maximum length
2019-10-26 17:36:25 INFO  SNM_Internal_NumberSeries_Test:226 - Proper error message is displayed.
2019-10-26 17:37:07 INFO  SNM_Internal_NumberSeries_Test:29 - ========= Beginning of testcase :test_verify_popup_when_minLenNum_greaterThanMaxLenNum ===========
2019-10-26 17:37:09 INFO  SNM_Internal_NumberSeries_Test:212 - After successful login
2019-10-26 17:37:10 INFO  SNM_Internal_NumberSeries_Test:224 - External Number: 9999999999     Reason: Not allowed     Field: Minimum Length         Message: Minimum length can not be greater then maximum length
2019-10-26 17:37:11 FATAL SNM_Internal_NumberSeries_Test:231 - java.lang.AssertionError: expected [true] but found [false]
2019-10-26 17:37:43 INFO  SNM_Internal_NumberSeries_Test:29 - ========= Beginning of testcase :test_verify_popup_when_minLenNum_greaterThanMaxLenNum ===========
2019-10-26 17:37:45 INFO  SNM_Internal_NumberSeries_Test:212 - After successful login
2019-10-26 17:37:46 INFO  SNM_Internal_NumberSeries_Test:224 - External Number: 9999999999     Reason: Not allowed     Field: Minimum Length         Message: Minimum length can not be greater then maximum length
2019-10-26 17:37:46 INFO  SNM_Internal_NumberSeries_Test:226 - Proper error message is displayed.
2019-10-26 17:39:59 INFO  SNM_Internal_NumberSeries_Test:29 - ========= Beginning of testcase :test_verify_popup_when_minLenNum_greaterThanMaxLenNum ===========
2019-10-26 17:40:01 INFO  SNM_Internal_NumberSeries_Test:212 - After successful login
2019-10-26 17:40:02 INFO  SNM_Internal_NumberSeries_Test:224 - External Number: 9999999999     Reason: Not allowed     Field: Minimum Length         Message: Minimum length can not be greater then maximum length
2019-10-26 17:40:02 INFO  SNM_Internal_NumberSeries_Test:227 - Proper error message is displayed.
2019-10-26 17:44:58 INFO  SNM_Internal_NumberSeries_Test:29 - ========= Beginning of testcase :test_create_extNumLength_without_minNumber ===========
2019-10-26 17:45:00 INFO  SNM_Internal_NumberSeries_Test:268 - After successful login
2019-10-26 17:45:27 INFO  SNM_Internal_NumberSeries_Test:29 - ========= Beginning of testcase :test_create_extNumLength_without_minNumber ===========
2019-10-26 17:45:28 INFO  SNM_Internal_NumberSeries_Test:268 - After successful login
2019-10-26 17:45:30 FATAL SNM_Internal_NumberSeries_Test:283 - java.lang.AssertionError: expected [Minimum Length is requiredX] but found [Minimum Length is required.]
2019-10-26 17:46:26 INFO  SNM_Internal_NumberSeries_Test:29 - ========= Beginning of testcase :test_create_extNumLength_without_minNumber ===========
2019-10-26 17:46:28 INFO  SNM_Internal_NumberSeries_Test:268 - After successful login
2019-10-26 17:46:29 FATAL SNM_Internal_NumberSeries_Test:283 - java.lang.AssertionError: expected [Minimum Length is required.] but found [Minimum Length is requiredX]
2019-10-26 17:47:03 INFO  SNM_Internal_NumberSeries_Test:29 - ========= Beginning of testcase :test_create_extNumLength_without_minNumber ===========
2019-10-26 17:47:04 INFO  SNM_Internal_NumberSeries_Test:268 - After successful login
2019-10-26 17:54:39 INFO  SNM_Internal_NumberSeries_Test:29 - ========= Beginning of testcase :test_edit_extNumLength_provide_minLength_greater_thanMaxLength ===========
2019-10-26 17:54:40 INFO  SNM_Internal_NumberSeries_Test:1321 - After successful login
2019-10-26 17:54:42 DEBUG SNM_Internal_NumberSeries_Test:1333 - Add external number length is successful
2019-10-26 17:54:42 INFO  SNM_Internal_NumberSeries_Test:317 - Now edit external number length
2019-10-26 17:55:15 INFO  SNM_Internal_NumberSeries_Test:340 - org.openqa.selenium.TimeoutException: Expected condition failed: waiting for presence of element located by: By.xpath: //td[@class='errorresponseMessage'] (tried for 30 second(s) with 500 milliseconds interval)
2019-10-26 17:55:16 INFO  SNM_Internal_NumberSeries_Test:297 - After successful login
2019-10-26 17:55:17 DEBUG SNM_Internal_NumberSeries_Test:307 - Record is present
2019-10-26 17:56:15 INFO  SNM_Internal_NumberSeries_Test:29 - ========= Beginning of testcase :test_edit_extNumLength_provide_minLength_greater_thanMaxLength ===========
2019-10-26 17:56:17 INFO  SNM_Internal_NumberSeries_Test:1321 - After successful login
2019-10-26 17:56:18 DEBUG SNM_Internal_NumberSeries_Test:1333 - Add external number length is successful
2019-10-26 17:56:19 INFO  SNM_Internal_NumberSeries_Test:317 - Now edit external number length
2019-10-26 17:56:19 INFO  SNM_Internal_NumberSeries_Test:325 - External Number: 9999999999     Reason: Not allowed     Field: Minimum Length         Message: Minimum length can not be greater then maximum length
2019-10-26 17:56:19 INFO  SNM_Internal_NumberSeries_Test:328 - Proper error message is displayed.
2019-10-26 17:56:21 INFO  SNM_Internal_NumberSeries_Test:297 - After successful login
2019-10-26 17:56:22 DEBUG SNM_Internal_NumberSeries_Test:307 - Record is present
2019-10-26 17:57:16 INFO  SNM_Internal_NumberSeries_Test:29 - ========= Beginning of testcase :test_create_extNumLength_without_minNumber ===========
2019-10-26 17:57:18 INFO  SNM_Internal_NumberSeries_Test:268 - After successful login
2019-10-26 17:57:24 INFO  SNM_Internal_NumberSeries_Test:29 - ========= Beginning of testcase :test_create_external_number_length ===========
2019-10-26 17:57:26 INFO  SNM_Internal_NumberSeries_Test:1321 - After successful login
2019-10-26 17:57:28 DEBUG SNM_Internal_NumberSeries_Test:1333 - Add external number length is successful
2019-10-26 17:57:34 INFO  SNM_Internal_NumberSeries_Test:29 - ========= Beginning of testcase :test_edit_extNumLength ===========
2019-10-26 17:57:35 INFO  SNM_Internal_NumberSeries_Test:1321 - After successful login
2019-10-26 17:57:53 INFO  SNM_Internal_NumberSeries_Test:131 - org.openqa.selenium.TimeoutException: Expected condition failed: waiting for text ('Add operation successful for:') to be present in element [[ChromeDriver: chrome on XP (5a5e5a5fdaeb25fd3e9b24c6f4f6875c)] -> xpath: //span[contains(@class,'responseMessage')]] (tried for 15 second(s) with 500 milliseconds interval)
Build info: version: '3.141.59', revision: 'e82be7d358', time: '2018-11-14T08:17:03'
System info: host: 'DESKTOP-D19U8M5', ip: '10.211.163.181', os.name: 'Windows 10', os.arch: 'amd64', os.version: '10.0', java.version: '1.8.0_181'
Driver info: org.openqa.selenium.chrome.ChromeDriver
Capabilities {acceptInsecureCerts: false, browserName: chrome, browserVersion: 78.0.3904.70, chrome: {chromedriverVersion: 77.0.3865.40 (f484704e052e0..., userDataDir: C:\Users\MALLIK~1\AppData\L...}, goog:chromeOptions: {debuggerAddress: localhost:52518}, javascriptEnabled: true, networkConnectionEnabled: false, pageLoadStrategy: normal, platform: XP, platformName: XP, proxy: Proxy(), setWindowRect: true, strictFileInteractability: false, timeouts: {implicit: 0, pageLoad: 300000, script: 30000}, unhandledPromptBehavior: accept}
Session ID: 5a5e5a5fdaeb25fd3e9b24c6f4f6875c
2019-10-26 17:57:54 INFO  SNM_Internal_NumberSeries_Test:297 - After successful login
2019-10-26 17:58:04 INFO  SNM_Internal_NumberSeries_Test:29 - ========= Beginning of testcase :test_edit_extNumLength_provide_minLength_greater_thanMaxLength ===========
2019-10-26 17:58:06 INFO  SNM_Internal_NumberSeries_Test:1321 - After successful login
2019-10-26 17:59:11 INFO  SNM_Internal_NumberSeries_Test:338 - org.openqa.selenium.NoSuchElementException: no such element: Unable to locate element: {"method":"css selector","selector":"#Number_Plan"}
  (Session info: chrome=78.0.3904.70)
For documentation on this error, please visit: https://www.seleniumhq.org/exceptions/no_such_element.html
Build info: version: '3.141.59', revision: 'e82be7d358', time: '2018-11-14T08:17:03'
System info: host: 'DESKTOP-D19U8M5', ip: '10.211.163.181', os.name: 'Windows 10', os.arch: 'amd64', os.version: '10.0', java.version: '1.8.0_181'
Driver info: org.openqa.selenium.chrome.ChromeDriver
Capabilities {acceptInsecureCerts: false, browserName: chrome, browserVersion: 78.0.3904.70, chrome: {chromedriverVersion: 77.0.3865.40 (f484704e052e0..., userDataDir: C:\Users\MALLIK~1\AppData\L...}, goog:chromeOptions: {debuggerAddress: localhost:52576}, javascriptEnabled: true, networkConnectionEnabled: false, pageLoadStrategy: normal, platform: XP, platformName: XP, proxy: Proxy(), setWindowRect: true, strictFileInteractability: false, timeouts: {implicit: 0, pageLoad: 300000, script: 30000}, unhandledPromptBehavior: accept}
Session ID: 135ade5d4cdd5ce07a97755de648dacf
*** Element info: {Using=id, value=Number_Plan}
2019-10-26 17:59:13 INFO  SNM_Internal_NumberSeries_Test:297 - After successful login
2019-10-26 17:59:13 DEBUG SNM_Internal_NumberSeries_Test:307 - Record is present
2019-10-26 17:59:22 INFO  SNM_Internal_NumberSeries_Test:29 - ========= Beginning of testcase :test_verify_popup_when_minLenNum_greaterThanMaxLenNum ===========
2019-10-26 17:59:24 INFO  SNM_Internal_NumberSeries_Test:212 - After successful login
2019-10-26 17:59:26 INFO  SNM_Internal_NumberSeries_Test:224 - External Number: 9999999999     Reason: Not allowed     Field: Minimum Length         Message: Minimum length can not be greater then maximum length
2019-10-26 17:59:26 INFO  SNM_Internal_NumberSeries_Test:227 - Proper error message is displayed.
2019-10-26 17:59:31 INFO  SNM_Internal_NumberSeries_Test:29 - ========= Beginning of testcase :test_verify_popup_when_num_greaterThanLen10 ===========
2019-10-26 17:59:33 INFO  SNM_Internal_NumberSeries_Test:163 - After successful login
2019-10-26 18:02:15 INFO  SNM_Internal_NumberSeries_Test:29 - ========= Beginning of testcase :test_create_extNumLength_without_minNumber ===========
2019-10-26 18:02:17 INFO  SNM_Internal_NumberSeries_Test:268 - After successful login
2019-10-26 18:02:21 INFO  SNM_Internal_NumberSeries_Test:297 - After successful login
2019-10-26 18:02:28 INFO  SNM_Internal_NumberSeries_Test:29 - ========= Beginning of testcase :test_create_external_number_length ===========
2019-10-26 18:02:30 INFO  SNM_Internal_NumberSeries_Test:1321 - After successful login
2019-10-26 18:02:32 DEBUG SNM_Internal_NumberSeries_Test:1333 - Add external number length is successful
2019-10-26 18:02:38 INFO  SNM_Internal_NumberSeries_Test:29 - ========= Beginning of testcase :test_edit_extNumLength ===========
2019-10-26 18:02:39 INFO  SNM_Internal_NumberSeries_Test:1321 - After successful login
2019-10-26 18:02:57 INFO  SNM_Internal_NumberSeries_Test:131 - org.openqa.selenium.TimeoutException: Expected condition failed: waiting for text ('Add operation successful for:') to be present in element [[ChromeDriver: chrome on XP (76e2a47842e90fd0206690d5e4562b95)] -> xpath: //span[contains(@class,'responseMessage')]] (tried for 15 second(s) with 500 milliseconds interval)
Build info: version: '3.141.59', revision: 'e82be7d358', time: '2018-11-14T08:17:03'
System info: host: 'DESKTOP-D19U8M5', ip: '10.211.163.181', os.name: 'Windows 10', os.arch: 'amd64', os.version: '10.0', java.version: '1.8.0_181'
Driver info: org.openqa.selenium.chrome.ChromeDriver
Capabilities {acceptInsecureCerts: false, browserName: chrome, browserVersion: 78.0.3904.70, chrome: {chromedriverVersion: 77.0.3865.40 (f484704e052e0..., userDataDir: C:\Users\MALLIK~1\AppData\L...}, goog:chromeOptions: {debuggerAddress: localhost:52985}, javascriptEnabled: true, networkConnectionEnabled: false, pageLoadStrategy: normal, platform: XP, platformName: XP, proxy: Proxy(), setWindowRect: true, strictFileInteractability: false, timeouts: {implicit: 0, pageLoad: 300000, script: 30000}, unhandledPromptBehavior: accept}
Session ID: 76e2a47842e90fd0206690d5e4562b95
2019-10-26 18:02:58 INFO  SNM_Internal_NumberSeries_Test:297 - After successful login
2019-10-26 18:03:07 INFO  SNM_Internal_NumberSeries_Test:29 - ========= Beginning of testcase :test_edit_extNumLength_provide_minLength_greater_thanMaxLength ===========
2019-10-26 18:03:09 INFO  SNM_Internal_NumberSeries_Test:1321 - After successful login
2019-10-26 18:03:26 INFO  SNM_Internal_NumberSeries_Test:342 - org.openqa.selenium.TimeoutException: Expected condition failed: waiting for text ('Add operation successful for:') to be present in element [[ChromeDriver: chrome on XP (7d9cfe219648f9389e375a1a1a77a0dd)] -> xpath: //span[contains(@class,'responseMessage')]] (tried for 15 second(s) with 500 milliseconds interval)
Build info: version: '3.141.59', revision: 'e82be7d358', time: '2018-11-14T08:17:03'
System info: host: 'DESKTOP-D19U8M5', ip: '10.211.163.181', os.name: 'Windows 10', os.arch: 'amd64', os.version: '10.0', java.version: '1.8.0_181'
Driver info: org.openqa.selenium.chrome.ChromeDriver
Capabilities {acceptInsecureCerts: false, browserName: chrome, browserVersion: 78.0.3904.70, chrome: {chromedriverVersion: 77.0.3865.40 (f484704e052e0..., userDataDir: C:\Users\MALLIK~1\AppData\L...}, goog:chromeOptions: {debuggerAddress: localhost:53048}, javascriptEnabled: true, networkConnectionEnabled: false, pageLoadStrategy: normal, platform: XP, platformName: XP, proxy: Proxy(), setWindowRect: true, strictFileInteractability: false, timeouts: {implicit: 0, pageLoad: 300000, script: 30000}, unhandledPromptBehavior: accept}
Session ID: 7d9cfe219648f9389e375a1a1a77a0dd
2019-10-26 18:03:28 INFO  SNM_Internal_NumberSeries_Test:297 - After successful login
2019-10-26 18:03:28 DEBUG SNM_Internal_NumberSeries_Test:307 - Record is present
2019-10-26 18:03:37 INFO  SNM_Internal_NumberSeries_Test:29 - ========= Beginning of testcase :test_verify_popup_when_minLenNum_greaterThanMaxLenNum ===========
2019-10-26 18:03:39 INFO  SNM_Internal_NumberSeries_Test:212 - After successful login
2019-10-26 18:04:50 INFO  SNM_Internal_NumberSeries_Test:238 - org.openqa.selenium.NoSuchElementException: no such element: Unable to locate element: {"method":"css selector","selector":"#exnl_length_vo\.NANLP\.EXL"}
  (Session info: chrome=78.0.3904.70)
For documentation on this error, please visit: https://www.seleniumhq.org/exceptions/no_such_element.html
Build info: version: '3.141.59', revision: 'e82be7d358', time: '2018-11-14T08:17:03'
System info: host: 'DESKTOP-D19U8M5', ip: '10.211.163.181', os.name: 'Windows 10', os.arch: 'amd64', os.version: '10.0', java.version: '1.8.0_181'
Driver info: org.openqa.selenium.chrome.ChromeDriver
Capabilities {acceptInsecureCerts: false, browserName: chrome, browserVersion: 78.0.3904.70, chrome: {chromedriverVersion: 77.0.3865.40 (f484704e052e0..., userDataDir: C:\Users\MALLIK~1\AppData\L...}, goog:chromeOptions: {debuggerAddress: localhost:53118}, javascriptEnabled: true, networkConnectionEnabled: false, pageLoadStrategy: normal, platform: XP, platformName: XP, proxy: Proxy(), setWindowRect: true, strictFileInteractability: false, timeouts: {implicit: 0, pageLoad: 300000, script: 30000}, unhandledPromptBehavior: accept}
Session ID: e24a08dc889f837d530fa50b3dcacdf8
*** Element info: {Using=id, value=exnl_length_vo.NANLP.EXL}
2019-10-26 18:04:56 INFO  SNM_Internal_NumberSeries_Test:29 - ========= Beginning of testcase :test_verify_popup_when_num_greaterThanLen10 ===========
2019-10-26 18:04:58 INFO  SNM_Internal_NumberSeries_Test:163 - After successful login
2019-10-26 18:09:42 INFO  SNM_Internal_NumberSeries_Test:29 - ========= Beginning of testcase :test_create_extNumLength_without_minNumber ===========
2019-10-26 18:09:44 INFO  SNM_Internal_NumberSeries_Test:268 - After successful login
2019-10-26 18:09:48 INFO  SNM_Internal_NumberSeries_Test:297 - After successful login
2019-10-26 18:09:57 INFO  SNM_Internal_NumberSeries_Test:29 - ========= Beginning of testcase :test_create_external_number_length ===========
2019-10-26 18:09:59 INFO  SNM_Internal_NumberSeries_Test:1321 - After successful login
2019-10-26 18:10:00 DEBUG SNM_Internal_NumberSeries_Test:1333 - Add external number length is successful
2019-10-26 18:10:02 INFO  SNM_Internal_NumberSeries_Test:297 - After successful login
2019-10-26 18:10:03 DEBUG SNM_Internal_NumberSeries_Test:307 - Record is present
2019-10-26 18:10:12 INFO  SNM_Internal_NumberSeries_Test:29 - ========= Beginning of testcase :test_edit_extNumLength ===========
2019-10-26 18:10:13 INFO  SNM_Internal_NumberSeries_Test:1321 - After successful login
2019-10-26 18:10:15 DEBUG SNM_Internal_NumberSeries_Test:1333 - Add external number length is successful
2019-10-26 18:10:15 INFO  SNM_Internal_NumberSeries_Test:103 - Now edit external number length
2019-10-26 18:10:16 INFO  SNM_Internal_NumberSeries_Test:113 - edit done successfully
2019-10-26 18:10:18 INFO  SNM_Internal_NumberSeries_Test:297 - After successful login
2019-10-26 18:10:19 DEBUG SNM_Internal_NumberSeries_Test:307 - Record is present
2019-10-26 18:10:28 INFO  SNM_Internal_NumberSeries_Test:29 - ========= Beginning of testcase :test_edit_extNumLength_provide_minLength_greater_thanMaxLength ===========
2019-10-26 18:10:29 INFO  SNM_Internal_NumberSeries_Test:1321 - After successful login
2019-10-26 18:10:31 DEBUG SNM_Internal_NumberSeries_Test:1333 - Add external number length is successful
2019-10-26 18:10:31 INFO  SNM_Internal_NumberSeries_Test:319 - Now edit external number length
2019-10-26 18:10:32 INFO  SNM_Internal_NumberSeries_Test:327 - External Number: 9999999999     Reason: Not allowed     Field: Minimum Length         Message: Minimum length can not be greater then maximum length
2019-10-26 18:10:32 INFO  SNM_Internal_NumberSeries_Test:330 - Proper error message is displayed.
2019-10-26 18:10:33 INFO  SNM_Internal_NumberSeries_Test:297 - After successful login
2019-10-26 18:10:34 DEBUG SNM_Internal_NumberSeries_Test:307 - Record is present
2019-10-26 18:10:43 INFO  SNM_Internal_NumberSeries_Test:29 - ========= Beginning of testcase :test_verify_popup_when_minLenNum_greaterThanMaxLenNum ===========
2019-10-26 18:10:45 INFO  SNM_Internal_NumberSeries_Test:212 - After successful login
2019-10-26 18:10:46 INFO  SNM_Internal_NumberSeries_Test:224 - External Number: 9999999999     Reason: Not allowed     Field: Minimum Length         Message: Minimum length can not be greater then maximum length
2019-10-26 18:10:46 INFO  SNM_Internal_NumberSeries_Test:227 - Proper error message is displayed.
2019-10-26 18:10:52 INFO  SNM_Internal_NumberSeries_Test:29 - ========= Beginning of testcase :test_verify_popup_when_num_greaterThanLen10 ===========
2019-10-26 18:10:54 INFO  SNM_Internal_NumberSeries_Test:163 - After successful login
2019-10-27 11:21:36 INFO  SNM_Telephony_AccountCode_Test:29 - ========= Beginning of testcase :test_create_account_code ===========
2019-10-27 11:21:38 INFO  SNM_Telephony_AccountCode_Test:62 - After successful login
2019-10-27 11:21:39 INFO  SNM_Telephony_AccountCode_Test:93 - java.lang.ArrayIndexOutOfBoundsException: 1
2019-10-27 11:21:41 INFO  SNM_Telephony_AccountCode_Test:342 - After successful login
2019-10-27 11:22:43 INFO  SNM_Telephony_AccountCode_Test:29 - ========= Beginning of testcase :test_create_account_code ===========
2019-10-27 11:22:45 INFO  SNM_Telephony_AccountCode_Test:62 - After successful login
2019-10-27 11:22:47 INFO  SNM_Telephony_AccountCode_Test:74 - After successful accCode creation
2019-10-27 11:23:47 INFO  SNM_Telephony_AccountCode_Test:93 - org.openqa.selenium.NoSuchElementException: no such element: Unable to locate element: {"method":"css selector","selector":"*[name='onCancelButton']"}
  (Session info: chrome=78.0.3904.70)
For documentation on this error, please visit: https://www.seleniumhq.org/exceptions/no_such_element.html
Build info: version: '3.141.59', revision: 'e82be7d358', time: '2018-11-14T08:17:03'
System info: host: 'DESKTOP-D19U8M5', ip: '10.211.163.181', os.name: 'Windows 10', os.arch: 'amd64', os.version: '10.0', java.version: '1.8.0_181'
Driver info: org.openqa.selenium.chrome.ChromeDriver
Capabilities {acceptInsecureCerts: false, browserName: chrome, browserVersion: 78.0.3904.70, chrome: {chromedriverVersion: 77.0.3865.40 (f484704e052e0..., userDataDir: C:\Users\MALLIK~1\AppData\L...}, goog:chromeOptions: {debuggerAddress: localhost:63576}, javascriptEnabled: true, networkConnectionEnabled: false, pageLoadStrategy: normal, platform: XP, platformName: XP, proxy: Proxy(), setWindowRect: true, strictFileInteractability: false, timeouts: {implicit: 0, pageLoad: 300000, script: 30000}, unhandledPromptBehavior: accept}
Session ID: c385541ecee6593d8998699ecd8fe8c6
*** Element info: {Using=name, value=onCancelButton}
2019-10-27 11:23:49 INFO  SNM_Telephony_AccountCode_Test:342 - After successful login
2019-10-27 11:25:04 INFO  SNM_Telephony_AccountCode_Test:29 - ========= Beginning of testcase :test_create_account_code ===========
2019-10-27 11:25:06 INFO  SNM_Telephony_AccountCode_Test:62 - After successful login
2019-10-27 11:25:07 INFO  SNM_Telephony_AccountCode_Test:74 - After successful accCode creation
2019-10-27 11:25:09 INFO  SNM_Telephony_AccountCode_Test:93 - java.lang.NullPointerException
2019-10-27 11:25:10 INFO  SNM_Telephony_AccountCode_Test:342 - After successful login
2019-10-27 11:25:11 DEBUG SNM_Telephony_AccountCode_Test:352 - Record is present
2019-10-27 11:26:17 INFO  SNM_Telephony_AccountCode_Test:29 - ========= Beginning of testcase :test_create_account_code ===========
2019-10-27 11:26:19 INFO  SNM_Telephony_AccountCode_Test:63 - After successful login
2019-10-27 11:26:20 INFO  SNM_Telephony_AccountCode_Test:75 - After successful accCode creation
2019-10-27 11:26:22 INFO  SNM_Telephony_AccountCode_Test:342 - After successful login
2019-10-27 11:26:23 DEBUG SNM_Telephony_AccountCode_Test:352 - Record is present
2019-10-27 11:27:20 INFO  SNM_Telephony_AccountCode_Test:29 - ========= Beginning of testcase :test_create_account_code ===========
2019-10-27 11:27:21 INFO  SNM_Telephony_AccountCode_Test:63 - After successful login
2019-10-27 11:29:23 INFO  SNM_Telephony_AccountCode_Test:94 - org.openqa.selenium.TimeoutException: Expected condition failed: waiting for text ('Add operation successful for:') to be present in element Proxy element for: DefaultElementLocator 'By.xpath: //span[contains(@class,'responseMessage')]' (tried for 10 second(s) with 500 milliseconds interval)
2019-10-27 11:29:25 INFO  SNM_Telephony_AccountCode_Test:342 - After successful login
2019-10-27 11:32:43 INFO  SNM_Telephony_AccountCode_Test:29 - ========= Beginning of testcase :test_create_account_code ===========
2019-10-27 11:32:45 INFO  SNM_Telephony_AccountCode_Test:63 - After successful login
2019-10-27 11:32:46 INFO  SNM_Telephony_AccountCode_Test:75 - After successful accCode creation
2019-10-27 11:32:48 INFO  SNM_Telephony_AccountCode_Test:342 - After successful login
2019-10-27 11:32:49 DEBUG SNM_Telephony_AccountCode_Test:352 - Record is present
2019-10-27 11:33:58 INFO  SNM_Telephony_AccountCode_Test:94 - java.lang.NullPointerException
2019-10-27 11:33:59 INFO  SNM_Telephony_AccountCode_Test:342 - After successful login
2019-10-27 11:35:28 INFO  SNM_Telephony_AccountCode_Test:94 - org.testng.SkipException: TestCase test_create_account_code is Skipped because flag is set to NO
2019-10-27 11:35:30 INFO  SNM_Telephony_AccountCode_Test:342 - After successful login
2019-10-27 11:36:08 INFO  SNM_Telephony_AccountCode_Test:29 - ========= Beginning of testcase :test_create_account_code ===========
2019-10-27 11:36:10 INFO  SNM_Telephony_AccountCode_Test:63 - After successful login
2019-10-27 11:36:11 INFO  SNM_Telephony_AccountCode_Test:75 - After successful accCode creation
2019-10-27 11:36:13 INFO  SNM_Telephony_AccountCode_Test:342 - After successful login
2019-10-27 11:36:14 DEBUG SNM_Telephony_AccountCode_Test:352 - Record is present
2019-10-27 11:45:20 INFO  SNM_Telephony_AccountCode_Test:29 - ========= Beginning of testcase :test_create_account_code ===========
2019-10-27 11:45:22 INFO  SNM_Telephony_AccountCode_Test:63 - After successful login
2019-10-27 11:45:23 INFO  SNM_Telephony_AccountCode_Test:75 - After successful accCode creation
2019-10-27 11:45:26 INFO  SNM_Telephony_AccountCode_Test:342 - After successful login
2019-10-27 11:45:26 DEBUG SNM_Telephony_AccountCode_Test:352 - Record is present
2019-10-27 11:45:35 INFO  SNM_Telephony_AccountCode_Test:29 - ========= Beginning of testcase :test_create_account_code_with_firstANDLastCodes ===========
2019-10-27 11:45:37 INFO  SNM_Telephony_AccountCode_Test:125 - After successful login
2019-10-27 11:45:39 INFO  SNM_Telephony_AccountCode_Test:137 - After successful accCode creation
2019-10-27 11:45:41 INFO  SNM_Telephony_AccountCode_Test:342 - After successful login
2019-10-27 11:45:42 DEBUG SNM_Telephony_AccountCode_Test:352 - Record is present
2019-10-27 11:53:29 INFO  SNM_Telephony_AccountCode_Test:29 - ========= Beginning of testcase :test_create_accountCode_moreThan_15_Digits ===========
2019-10-27 11:53:31 INFO  SNM_Telephony_AccountCode_Test:187 - After successful login
2019-10-27 11:54:08 INFO  SNM_Telephony_AccountCode_Test:29 - ========= Beginning of testcase :test_create_accountCode_moreThan_15_Digits ===========
2019-10-27 11:54:09 INFO  SNM_Telephony_AccountCode_Test:187 - After successful login
2019-10-27 11:54:56 INFO  SNM_Telephony_AccountCode_Test:29 - ========= Beginning of testcase :test_create_accountCode_moreThan_15_Digits ===========
2019-10-27 11:54:57 INFO  SNM_Telephony_AccountCode_Test:187 - After successful login
2019-10-27 11:55:27 INFO  SNM_Telephony_AccountCode_Test:29 - ========= Beginning of testcase :test_create_accountCode_moreThan_15_Digits ===========
2019-10-27 11:55:28 INFO  SNM_Telephony_AccountCode_Test:187 - After successful login
2019-10-27 11:56:01 INFO  SNM_Telephony_AccountCode_Test:29 - ========= Beginning of testcase :test_create_accountCode_moreThan_15_Digits ===========
2019-10-27 11:56:03 INFO  SNM_Telephony_AccountCode_Test:187 - After successful login
2019-10-27 11:56:05 FATAL SNM_Telephony_AccountCode_Test:217 - java.lang.AssertionError: expected [Account Code(s) is invalid] but found [Account Code(s) is invalid.]
2019-10-27 11:56:47 INFO  SNM_Telephony_AccountCode_Test:29 - ========= Beginning of testcase :test_create_accountCode_moreThan_15_Digits ===========
2019-10-27 11:56:49 INFO  SNM_Telephony_AccountCode_Test:187 - After successful login
2019-10-27 12:04:13 INFO  SNM_Telephony_AccountCode_Test:29 - ========= Beginning of testcase :test_create_accountCodeFirst_moreThan_15_Digits ===========
2019-10-27 12:04:15 INFO  SNM_Telephony_AccountCode_Test:242 - After successful login
2019-10-27 12:08:39 INFO  SNM_Telephony_AccountCode_Test:29 - ========= Beginning of testcase :test_create_accountCodeLast_moreThan_15_Digits ===========
2019-10-27 12:08:41 INFO  SNM_Telephony_AccountCode_Test:298 - After successful login
2019-10-27 13:09:59 INFO  SNM_Telephony_AccountCode_Test:381 - java.lang.NullPointerException
2019-10-27 13:10:22 INFO  SNM_Telephony_AccountCode_Test:29 - ========= Beginning of testcase :test_verify_errMsg_when_accCode_First_last_are_provided ===========
2019-10-27 13:10:24 INFO  SNM_Telephony_AccountCode_Test:355 - After successful login
2019-10-27 13:10:25 INFO  SNM_Telephony_AccountCode_Test:367 - Account Code: 999999999999999     Reason: Combination not Allowed             Message: Account Code and Account Code First or Last should not be provided together
2019-10-27 13:10:26 FATAL SNM_Telephony_AccountCode_Test:375 - java.lang.AssertionError: expected [External Number: 999999999999999     Reason: Not allowed     Field: Minimum Length         Message: Minimum length can not be greater then maximum length] but found [Account Code: 999999999999999     Reason: Combination not Allowed             Message: Account Code and Account Code First or Last should not be provided together]
2019-10-27 13:14:27 INFO  SNM_Telephony_AccountCode_Test:29 - ========= Beginning of testcase :test_verify_errMsg_when_accCode_First_last_are_provided ===========
2019-10-27 13:14:28 INFO  SNM_Telephony_AccountCode_Test:355 - After successful login
2019-10-27 13:14:30 INFO  SNM_Telephony_AccountCode_Test:367 - Account Code: 999999999999999     Reason: Combination not Allowed             Message: Account Code and Account Code First or Last should not be provided together
2019-10-27 13:14:30 INFO  SNM_Telephony_AccountCode_Test:371 - Proper error message is displayed.
2019-10-27 13:19:48 INFO  SNM_Telephony_AccountCode_Test:29 - ========= Beginning of testcase :test_verify_errMsg_when_only_accCode_First_is_provided ===========
2019-10-27 13:19:49 INFO  SNM_Telephony_AccountCode_Test:413 - After successful login
2019-10-27 13:19:51 INFO  SNM_Telephony_AccountCode_Test:425 - Account Code First: 999999999999999     Reason: Account Code Last is Required
2019-10-27 13:19:51 FATAL SNM_Telephony_AccountCode_Test:434 - java.lang.AssertionError: expected [Account Code First: 999999999999999     Reason: Account Code Last is Required             Message: Account Code and Account Code First or Last should not be provided together] but found [Account Code First: 999999999999999     Reason: Account Code Last is Required]
2019-10-27 13:21:25 INFO  SNM_Telephony_AccountCode_Test:29 - ========= Beginning of testcase :test_verify_errMsg_when_only_accCode_First_is_provided ===========
2019-10-27 13:21:26 INFO  SNM_Telephony_AccountCode_Test:413 - After successful login
2019-10-27 13:21:28 INFO  SNM_Telephony_AccountCode_Test:425 - Account Code First: 999999999999999     Reason: Account Code Last is Required
2019-10-27 13:21:28 INFO  SNM_Telephony_AccountCode_Test:428 - Proper error message is displayed.
2019-10-27 13:23:20 INFO  SNM_Telephony_AccountCode_Test:29 - ========= Beginning of testcase :test_verify_errMsg_when_only_accCode_Last_is_provided ===========
2019-10-27 13:23:22 INFO  SNM_Telephony_AccountCode_Test:469 - After successful login
2019-10-27 13:23:23 INFO  SNM_Telephony_AccountCode_Test:481 - Account Code Last:     Reason: Account Code First is Required
2019-10-27 13:23:24 FATAL SNM_Telephony_AccountCode_Test:489 - java.lang.AssertionError: expected [Account Code Last: 999999999999999     Reason: Account Code First is Required] but found [Account Code Last:     Reason: Account Code First is Required]
2019-10-27 13:24:35 INFO  SNM_Telephony_AccountCode_Test:29 - ========= Beginning of testcase :test_verify_errMsg_when_only_accCode_Last_is_provided ===========
2019-10-27 13:24:37 INFO  SNM_Telephony_AccountCode_Test:469 - After successful login
2019-10-27 13:24:39 INFO  SNM_Telephony_AccountCode_Test:481 - Account Code Last:     Reason: Account Code First is Required
2019-10-27 13:24:39 INFO  SNM_Telephony_AccountCode_Test:483 - Proper error message is displayed.
2019-10-27 14:11:50 INFO  SNM_Telephony_AccountCode_Test:29 - ========= Beginning of testcase :test_create_account_code_withCustomer ===========
2019-10-27 14:11:51 INFO  SNM_Telephony_AccountCode_Test:526 - After successful login
2019-10-27 14:11:54 INFO  SNM_Telephony_AccountCode_Test:540 - Successfully added customer
2019-10-27 14:12:10 INFO  SNM_Telephony_AccountCode_Test:566 - org.openqa.selenium.TimeoutException: Expected condition failed: waiting for text ('Add operation successful for:') to be present in element found by By.xpath: (//span[contains(@class,responseMessage)])[4] (tried for 10 second(s) with 500 milliseconds interval)
2019-10-27 14:12:11 INFO  SNM_Telephony_AccountCode_Test:347 - After successful login
2019-10-27 14:12:17 INFO  SNM_Telephony_AccountCode_Test:384 - After successful login
2019-10-27 14:12:17 DEBUG SNM_Telephony_AccountCode_Test:394 - Record is present
2019-10-27 14:16:59 INFO  SNM_Telephony_AccountCode_Test:29 - ========= Beginning of testcase :test_create_account_code_withCustomer ===========
2019-10-27 14:17:01 INFO  SNM_Telephony_AccountCode_Test:526 - After successful login
2019-10-27 14:17:03 INFO  SNM_Telephony_AccountCode_Test:540 - Successfully added customer
2019-10-27 14:17:03 INFO  SNM_Telephony_AccountCode_Test:547 - After successful accCode creation
2019-10-27 14:17:05 INFO  SNM_Telephony_AccountCode_Test:347 - After successful login
2019-10-27 14:17:06 DEBUG SNM_Telephony_AccountCode_Test:357 - Record is present
2019-10-27 14:17:11 INFO  SNM_Telephony_AccountCode_Test:384 - After successful login
2019-10-27 14:17:12 DEBUG SNM_Telephony_AccountCode_Test:394 - Record is present
2019-10-27 14:26:40 INFO  SNM_Telephony_AccountCode_Test:29 - ========= Beginning of testcase :test_create_account_code_with_firstANDLastCodes_withCustomer ===========
2019-10-27 14:26:41 INFO  SNM_Telephony_AccountCode_Test:598 - After successful login
2019-10-27 14:27:09 INFO  SNM_Telephony_AccountCode_Test:29 - ========= Beginning of testcase :test_create_account_code_with_firstANDLastCodes_withCustomer ===========
2019-10-27 14:27:11 INFO  SNM_Telephony_AccountCode_Test:598 - After successful login
2019-10-27 14:27:13 INFO  SNM_Telephony_AccountCode_Test:613 - Successfully added customer
2019-10-27 14:27:14 INFO  SNM_Telephony_AccountCode_Test:621 - After successful accCode creation
2019-10-27 14:27:16 INFO  SNM_Telephony_AccountCode_Test:347 - After successful login
2019-10-27 14:27:17 DEBUG SNM_Telephony_AccountCode_Test:357 - Record is present
2019-10-27 14:27:22 INFO  SNM_Telephony_AccountCode_Test:384 - After successful login
2019-10-27 14:27:22 DEBUG SNM_Telephony_AccountCode_Test:394 - Record is present
2019-10-27 14:32:56 INFO  SNM_Telephony_AccountCode_Test:29 - ========= Beginning of testcase :test_create_accountCode_moreThan_15_Digits_withCustomer ===========
2019-10-27 14:32:57 INFO  SNM_Telephony_AccountCode_Test:672 - After successful login
2019-10-27 14:32:59 INFO  SNM_Telephony_AccountCode_Test:686 - Successfully added customer
2019-10-27 14:37:59 INFO  SNM_Telephony_AccountCode_Test:29 - ========= Beginning of testcase :test_create_accountCodeFirst_moreThan_15_Digits_withCustomer ===========
2019-10-27 14:38:01 INFO  SNM_Telephony_AccountCode_Test:736 - After successful login
2019-10-27 14:38:18 INFO  SNM_Telephony_AccountCode_Test:769 - org.openqa.selenium.NoSuchElementException: no such element: Unable to locate element: {"method":"css selector","selector":"#multiStepButton_custgroup_add"}
  (Session info: chrome=78.0.3904.70)
For documentation on this error, please visit: https://www.seleniumhq.org/exceptions/no_such_element.html
Build info: version: '3.141.59', revision: 'e82be7d358', time: '2018-11-14T08:17:03'
System info: host: 'DESKTOP-D19U8M5', ip: '10.211.163.181', os.name: 'Windows 10', os.arch: 'amd64', os.version: '10.0', java.version: '1.8.0_181'
Driver info: org.openqa.selenium.chrome.ChromeDriver
Capabilities {acceptInsecureCerts: false, browserName: chrome, browserVersion: 78.0.3904.70, chrome: {chromedriverVersion: 77.0.3865.40 (f484704e052e0..., userDataDir: C:\Users\MALLIK~1\AppData\L...}, goog:chromeOptions: {debuggerAddress: localhost:59551}, javascriptEnabled: true, networkConnectionEnabled: false, pageLoadStrategy: normal, platform: XP, platformName: XP, proxy: Proxy(), setWindowRect: true, strictFileInteractability: false, timeouts: {implicit: 0, pageLoad: 300000, script: 30000}, unhandledPromptBehavior: accept}
Session ID: 91a6df1deb65a690bb733e80e166fc01
*** Element info: {Using=id, value=multiStepButton_custgroup_add}
2019-10-27 14:38:19 INFO  SNM_Telephony_AccountCode_Test:384 - After successful login
2019-10-27 14:38:20 DEBUG SNM_Telephony_AccountCode_Test:394 - Record is present
2019-10-27 14:38:55 INFO  SNM_Telephony_AccountCode_Test:29 - ========= Beginning of testcase :test_create_accountCodeFirst_moreThan_15_Digits_withCustomer ===========
2019-10-27 14:38:57 INFO  SNM_Telephony_AccountCode_Test:736 - After successful login
2019-10-27 14:38:59 INFO  SNM_Telephony_AccountCode_Test:748 - Successfully added customer
2019-10-27 14:39:01 INFO  SNM_Telephony_AccountCode_Test:384 - After successful login
2019-10-27 14:39:02 DEBUG SNM_Telephony_AccountCode_Test:394 - Record is present
2019-10-27 14:43:45 INFO  SNM_Telephony_AccountCode_Test:29 - ========= Beginning of testcase :test_create_accountCodeLast_moreThan_15_Digits_withCustomer ===========
2019-10-27 14:43:47 INFO  SNM_Telephony_AccountCode_Test:801 - After successful login
2019-10-27 14:43:49 INFO  SNM_Telephony_AccountCode_Test:813 - Successfully added customer
2019-10-27 14:43:51 INFO  SNM_Telephony_AccountCode_Test:384 - After successful login
2019-10-27 14:43:52 DEBUG SNM_Telephony_AccountCode_Test:394 - Record is present
2019-10-27 14:49:12 INFO  SNM_Telephony_AccountCode_Test:29 - ========= Beginning of testcase :test_verify_errMsg_when_accCode_First_last_are_provided_withCustomer ===========
2019-10-27 14:49:14 INFO  SNM_Telephony_AccountCode_Test:867 - After successful login
2019-10-27 14:49:15 INFO  SNM_Telephony_AccountCode_Test:879 - Successfully added customer
2019-10-27 14:49:31 INFO  SNM_Telephony_AccountCode_Test:904 - org.openqa.selenium.NoSuchElementException: Cannot locate option with value: 999999999999999
For documentation on this error, please visit: https://www.seleniumhq.org/exceptions/no_such_element.html
Build info: version: '3.141.59', revision: 'e82be7d358', time: '2018-11-14T08:17:03'
System info: host: 'DESKTOP-D19U8M5', ip: '10.211.163.181', os.name: 'Windows 10', os.arch: 'amd64', os.version: '10.0', java.version: '1.8.0_181'
Driver info: driver.version: unknown
2019-10-27 14:49:33 INFO  SNM_Telephony_AccountCode_Test:384 - After successful login
2019-10-27 14:49:34 DEBUG SNM_Telephony_AccountCode_Test:394 - Record is present
2019-10-27 14:50:12 INFO  SNM_Telephony_AccountCode_Test:29 - ========= Beginning of testcase :test_verify_errMsg_when_accCode_First_last_are_provided_withCustomer ===========
2019-10-27 14:50:13 INFO  SNM_Telephony_AccountCode_Test:867 - After successful login
2019-10-27 14:50:15 INFO  SNM_Telephony_AccountCode_Test:879 - Successfully added customer
2019-10-27 14:50:16 INFO  SNM_Telephony_AccountCode_Test:888 - Account Code: 999999999999999     Reason: Combination not Allowed             Message: Account Code and Account Code First or Last should not be provided together
2019-10-27 14:50:16 INFO  SNM_Telephony_AccountCode_Test:892 - Proper error message is displayed.
2019-10-27 14:50:18 INFO  SNM_Telephony_AccountCode_Test:384 - After successful login
2019-10-27 14:50:19 DEBUG SNM_Telephony_AccountCode_Test:394 - Record is present
2019-10-27 14:54:35 INFO  SNM_Telephony_AccountCode_Test:29 - ========= Beginning of testcase :test_verify_errMsg_when_only_accCode_First_is_provided_withCustomer ===========
2019-10-27 14:54:37 INFO  SNM_Telephony_AccountCode_Test:936 - After successful login
2019-10-27 14:54:39 INFO  SNM_Telephony_AccountCode_Test:949 - Successfully added customer
2019-10-27 14:54:39 INFO  SNM_Telephony_AccountCode_Test:958 - Account Code First: 999999999999999     Reason: Account Code Last is Required
2019-10-27 14:54:39 INFO  SNM_Telephony_AccountCode_Test:961 - Proper error message is displayed.
2019-10-27 14:54:41 INFO  SNM_Telephony_AccountCode_Test:384 - After successful login
2019-10-27 14:54:42 DEBUG SNM_Telephony_AccountCode_Test:394 - Record is present
2019-10-27 14:57:41 INFO  SNM_Telephony_AccountCode_Test:29 - ========= Beginning of testcase :test_verify_errMsg_when_only_accCode_Last_is_provided_withCustomer ===========
2019-10-27 14:57:43 INFO  SNM_Telephony_AccountCode_Test:1004 - After successful login
2019-10-27 14:57:45 INFO  SNM_Telephony_AccountCode_Test:1017 - Successfully added customer
2019-10-27 14:57:46 INFO  SNM_Telephony_AccountCode_Test:1026 - Account Code Last:     Reason: Account Code First is Required
2019-10-27 14:57:46 INFO  SNM_Telephony_AccountCode_Test:1028 - Proper error message is displayed.
2019-10-27 14:57:47 INFO  SNM_Telephony_AccountCode_Test:384 - After successful login
2019-10-27 14:57:48 DEBUG SNM_Telephony_AccountCode_Test:394 - Record is present
2019-10-27 15:00:04 INFO  SNM_Telephony_AccountCode_Test:29 - ========= Beginning of testcase :test_create_accountCodeFirst_moreThan_15_Digits ===========
2019-10-27 15:00:05 INFO  SNM_Telephony_AccountCode_Test:243 - After successful login
2019-10-27 15:00:14 INFO  SNM_Telephony_AccountCode_Test:29 - ========= Beginning of testcase :test_create_accountCodeFirst_moreThan_15_Digits_withCustomer ===========
2019-10-27 15:00:16 INFO  SNM_Telephony_AccountCode_Test:736 - After successful login
2019-10-27 15:00:18 INFO  SNM_Telephony_AccountCode_Test:748 - Successfully added customer
2019-10-27 15:00:20 INFO  SNM_Telephony_AccountCode_Test:384 - After successful login
2019-10-27 15:00:21 DEBUG SNM_Telephony_AccountCode_Test:394 - Record is present
2019-10-27 15:00:27 INFO  SNM_Telephony_AccountCode_Test:29 - ========= Beginning of testcase :test_create_accountCodeLast_moreThan_15_Digits ===========
2019-10-27 15:00:29 INFO  SNM_Telephony_AccountCode_Test:299 - After successful login
2019-10-27 15:00:36 INFO  SNM_Telephony_AccountCode_Test:29 - ========= Beginning of testcase :test_create_accountCodeLast_moreThan_15_Digits_withCustomer ===========
2019-10-27 15:00:37 INFO  SNM_Telephony_AccountCode_Test:801 - After successful login
2019-10-27 15:00:39 INFO  SNM_Telephony_AccountCode_Test:813 - Successfully added customer
2019-10-27 15:00:41 INFO  SNM_Telephony_AccountCode_Test:384 - After successful login
2019-10-27 15:00:42 DEBUG SNM_Telephony_AccountCode_Test:394 - Record is present
2019-10-27 15:00:49 INFO  SNM_Telephony_AccountCode_Test:29 - ========= Beginning of testcase :test_create_accountCode_moreThan_15_Digits ===========
2019-10-27 15:00:50 INFO  SNM_Telephony_AccountCode_Test:188 - After successful login
2019-10-27 15:00:57 INFO  SNM_Telephony_AccountCode_Test:29 - ========= Beginning of testcase :test_create_accountCode_moreThan_15_Digits_withCustomer ===========
2019-10-27 15:00:59 INFO  SNM_Telephony_AccountCode_Test:672 - After successful login
2019-10-27 15:01:01 INFO  SNM_Telephony_AccountCode_Test:686 - Successfully added customer
2019-10-27 15:01:07 INFO  SNM_Telephony_AccountCode_Test:29 - ========= Beginning of testcase :test_create_account_code ===========
2019-10-27 15:01:09 INFO  SNM_Telephony_AccountCode_Test:64 - After successful login
2019-10-27 15:01:10 INFO  SNM_Telephony_AccountCode_Test:76 - After successful accCode creation
2019-10-27 15:01:12 INFO  SNM_Telephony_AccountCode_Test:347 - After successful login
2019-10-27 15:01:13 DEBUG SNM_Telephony_AccountCode_Test:357 - Record is present
2019-10-27 15:01:22 INFO  SNM_Telephony_AccountCode_Test:29 - ========= Beginning of testcase :test_create_account_code_withCustomer ===========
2019-10-27 15:01:23 INFO  SNM_Telephony_AccountCode_Test:526 - After successful login
2019-10-27 15:01:40 INFO  SNM_Telephony_AccountCode_Test:566 - org.openqa.selenium.NoSuchElementException: no such element: Unable to locate element: {"method":"css selector","selector":"#multiStepButton_custgroup_add"}
  (Session info: chrome=78.0.3904.70)
For documentation on this error, please visit: https://www.seleniumhq.org/exceptions/no_such_element.html
Build info: version: '3.141.59', revision: 'e82be7d358', time: '2018-11-14T08:17:03'
System info: host: 'DESKTOP-D19U8M5', ip: '10.211.163.181', os.name: 'Windows 10', os.arch: 'amd64', os.version: '10.0', java.version: '1.8.0_181'
Driver info: org.openqa.selenium.chrome.ChromeDriver
Capabilities {acceptInsecureCerts: false, browserName: chrome, browserVersion: 78.0.3904.70, chrome: {chromedriverVersion: 77.0.3865.40 (f484704e052e0..., userDataDir: C:\Users\MALLIK~1\AppData\L...}, goog:chromeOptions: {debuggerAddress: localhost:61187}, javascriptEnabled: true, networkConnectionEnabled: false, pageLoadStrategy: normal, platform: XP, platformName: XP, proxy: Proxy(), setWindowRect: true, strictFileInteractability: false, timeouts: {implicit: 0, pageLoad: 300000, script: 30000}, unhandledPromptBehavior: accept}
Session ID: 4abcc982bcf65bc844cbc76f7456daa5
*** Element info: {Using=id, value=multiStepButton_custgroup_add}
2019-10-27 15:01:42 INFO  SNM_Telephony_AccountCode_Test:347 - After successful login
2019-10-27 15:01:47 INFO  SNM_Telephony_AccountCode_Test:384 - After successful login
2019-10-27 15:01:48 DEBUG SNM_Telephony_AccountCode_Test:394 - Record is present
2019-10-27 15:01:54 INFO  SNM_Telephony_AccountCode_Test:29 - ========= Beginning of testcase :test_create_account_code_with_firstANDLastCodes ===========
2019-10-27 15:01:56 INFO  SNM_Telephony_AccountCode_Test:126 - After successful login
2019-10-27 15:01:58 INFO  SNM_Telephony_AccountCode_Test:138 - After successful accCode creation
2019-10-27 15:02:00 INFO  SNM_Telephony_AccountCode_Test:347 - After successful login
2019-10-27 15:02:01 DEBUG SNM_Telephony_AccountCode_Test:357 - Record is present
2019-10-27 15:02:10 INFO  SNM_Telephony_AccountCode_Test:29 - ========= Beginning of testcase :test_create_account_code_with_firstANDLastCodes_withCustomer ===========
2019-10-27 15:02:11 INFO  SNM_Telephony_AccountCode_Test:598 - After successful login
2019-10-27 15:02:13 INFO  SNM_Telephony_AccountCode_Test:613 - Successfully added customer
2019-10-27 15:02:14 INFO  SNM_Telephony_AccountCode_Test:621 - After successful accCode creation
2019-10-27 15:02:16 INFO  SNM_Telephony_AccountCode_Test:347 - After successful login
2019-10-27 15:02:17 DEBUG SNM_Telephony_AccountCode_Test:357 - Record is present
2019-10-27 15:02:22 INFO  SNM_Telephony_AccountCode_Test:384 - After successful login
2019-10-27 15:02:22 DEBUG SNM_Telephony_AccountCode_Test:394 - Record is present
2019-10-27 15:02:29 INFO  SNM_Telephony_AccountCode_Test:29 - ========= Beginning of testcase :test_verify_errMsg_when_accCode_First_last_are_provided ===========
2019-10-27 15:02:31 INFO  SNM_Telephony_AccountCode_Test:356 - After successful login
2019-10-27 15:02:32 INFO  SNM_Telephony_AccountCode_Test:368 - Account Code: 999999999999999     Reason: Combination not Allowed             Message: Account Code and Account Code First or Last should not be provided together
2019-10-27 15:02:32 INFO  SNM_Telephony_AccountCode_Test:372 - Proper error message is displayed.
2019-10-27 15:02:38 INFO  SNM_Telephony_AccountCode_Test:29 - ========= Beginning of testcase :test_verify_errMsg_when_accCode_First_last_are_provided_withCustomer ===========
2019-10-27 15:02:39 INFO  SNM_Telephony_AccountCode_Test:867 - After successful login
2019-10-27 15:02:41 INFO  SNM_Telephony_AccountCode_Test:879 - Successfully added customer
2019-10-27 15:02:42 INFO  SNM_Telephony_AccountCode_Test:888 - Account Code: 999999999999999     Reason: Combination not Allowed             Message: Account Code and Account Code First or Last should not be provided together
2019-10-27 15:02:42 INFO  SNM_Telephony_AccountCode_Test:892 - Proper error message is displayed.
2019-10-27 15:02:43 INFO  SNM_Telephony_AccountCode_Test:384 - After successful login
2019-10-27 15:02:44 DEBUG SNM_Telephony_AccountCode_Test:394 - Record is present
2019-10-27 15:02:51 INFO  SNM_Telephony_AccountCode_Test:29 - ========= Beginning of testcase :test_verify_errMsg_when_only_accCode_First_is_provided ===========
2019-10-27 15:02:52 INFO  SNM_Telephony_AccountCode_Test:414 - After successful login
2019-10-27 15:02:54 INFO  SNM_Telephony_AccountCode_Test:426 - Account Code First: 999999999999999     Reason: Account Code Last is Required
2019-10-27 15:02:54 INFO  SNM_Telephony_AccountCode_Test:429 - Proper error message is displayed.
2019-10-27 15:02:59 INFO  SNM_Telephony_AccountCode_Test:29 - ========= Beginning of testcase :test_verify_errMsg_when_only_accCode_First_is_provided_withCustomer ===========
2019-10-27 15:03:01 INFO  SNM_Telephony_AccountCode_Test:936 - After successful login
2019-10-27 15:03:03 INFO  SNM_Telephony_AccountCode_Test:949 - Successfully added customer
2019-10-27 15:03:03 INFO  SNM_Telephony_AccountCode_Test:958 - Account Code First: 999999999999999     Reason: Account Code Last is Required
2019-10-27 15:03:03 INFO  SNM_Telephony_AccountCode_Test:961 - Proper error message is displayed.
2019-10-27 15:03:05 INFO  SNM_Telephony_AccountCode_Test:384 - After successful login
2019-10-27 15:03:06 DEBUG SNM_Telephony_AccountCode_Test:394 - Record is present
2019-10-27 15:03:12 INFO  SNM_Telephony_AccountCode_Test:29 - ========= Beginning of testcase :test_verify_errMsg_when_only_accCode_Last_is_provided ===========
2019-10-27 15:03:14 INFO  SNM_Telephony_AccountCode_Test:470 - After successful login
2019-10-27 15:03:15 INFO  SNM_Telephony_AccountCode_Test:482 - Account Code Last:     Reason: Account Code First is Required
2019-10-27 15:03:15 INFO  SNM_Telephony_AccountCode_Test:484 - Proper error message is displayed.
2019-10-27 15:03:21 INFO  SNM_Telephony_AccountCode_Test:29 - ========= Beginning of testcase :test_verify_errMsg_when_only_accCode_Last_is_provided_withCustomer ===========
2019-10-27 15:03:22 INFO  SNM_Telephony_AccountCode_Test:1004 - After successful login
2019-10-27 15:03:24 INFO  SNM_Telephony_AccountCode_Test:1017 - Successfully added customer
2019-10-27 15:03:25 INFO  SNM_Telephony_AccountCode_Test:1026 - Account Code Last:     Reason: Account Code First is Required
2019-10-27 15:03:25 INFO  SNM_Telephony_AccountCode_Test:1028 - Proper error message is displayed.
2019-10-27 15:03:26 INFO  SNM_Telephony_AccountCode_Test:384 - After successful login
2019-10-27 15:03:27 DEBUG SNM_Telephony_AccountCode_Test:394 - Record is present
2019-10-27 15:05:25 INFO  SNM_Telephony_AccountCode_Test:29 - ========= Beginning of testcase :test_create_accountCodeFirst_moreThan_15_Digits ===========
2019-10-27 15:05:27 INFO  SNM_Telephony_AccountCode_Test:243 - After successful login
2019-10-27 15:05:36 INFO  SNM_Telephony_AccountCode_Test:29 - ========= Beginning of testcase :test_create_accountCodeFirst_moreThan_15_Digits_withCustomer ===========
2019-10-27 15:05:37 INFO  SNM_Telephony_AccountCode_Test:736 - After successful login
2019-10-27 15:05:39 INFO  SNM_Telephony_AccountCode_Test:748 - Successfully added customer
2019-10-27 15:05:41 INFO  SNM_Telephony_AccountCode_Test:384 - After successful login
2019-10-27 15:05:42 DEBUG SNM_Telephony_AccountCode_Test:394 - Record is present
2019-10-27 15:05:49 INFO  SNM_Telephony_AccountCode_Test:29 - ========= Beginning of testcase :test_create_accountCodeLast_moreThan_15_Digits ===========
2019-10-27 15:05:51 INFO  SNM_Telephony_AccountCode_Test:299 - After successful login
2019-10-27 15:05:59 INFO  SNM_Telephony_AccountCode_Test:29 - ========= Beginning of testcase :test_create_accountCodeLast_moreThan_15_Digits_withCustomer ===========
2019-10-27 15:06:01 INFO  SNM_Telephony_AccountCode_Test:801 - After successful login
2019-10-27 15:06:03 INFO  SNM_Telephony_AccountCode_Test:813 - Successfully added customer
2019-10-27 15:06:05 INFO  SNM_Telephony_AccountCode_Test:384 - After successful login
2019-10-27 15:06:06 DEBUG SNM_Telephony_AccountCode_Test:394 - Record is present
2019-10-27 15:06:13 INFO  SNM_Telephony_AccountCode_Test:29 - ========= Beginning of testcase :test_create_accountCode_moreThan_15_Digits ===========
2019-10-27 15:06:14 INFO  SNM_Telephony_AccountCode_Test:188 - After successful login
2019-10-27 15:06:21 INFO  SNM_Telephony_AccountCode_Test:29 - ========= Beginning of testcase :test_create_accountCode_moreThan_15_Digits_withCustomer ===========
2019-10-27 15:06:23 INFO  SNM_Telephony_AccountCode_Test:672 - After successful login
2019-10-27 15:06:25 INFO  SNM_Telephony_AccountCode_Test:686 - Successfully added customer
2019-10-27 15:06:31 INFO  SNM_Telephony_AccountCode_Test:29 - ========= Beginning of testcase :test_create_account_code ===========
2019-10-27 15:06:33 INFO  SNM_Telephony_AccountCode_Test:64 - After successful login
2019-10-27 15:06:34 INFO  SNM_Telephony_AccountCode_Test:76 - After successful accCode creation
2019-10-27 15:06:36 INFO  SNM_Telephony_AccountCode_Test:347 - After successful login
2019-10-27 15:06:37 DEBUG SNM_Telephony_AccountCode_Test:357 - Record is present
2019-10-27 15:06:46 INFO  SNM_Telephony_AccountCode_Test:29 - ========= Beginning of testcase :test_create_account_code_withCustomer ===========
2019-10-27 15:06:47 INFO  SNM_Telephony_AccountCode_Test:526 - After successful login
2019-10-27 15:07:04 INFO  SNM_Telephony_AccountCode_Test:566 - org.openqa.selenium.NoSuchElementException: no such element: Unable to locate element: {"method":"css selector","selector":"#multiStepButton_custgroup_add"}
  (Session info: chrome=78.0.3904.70)
For documentation on this error, please visit: https://www.seleniumhq.org/exceptions/no_such_element.html
Build info: version: '3.141.59', revision: 'e82be7d358', time: '2018-11-14T08:17:03'
System info: host: 'DESKTOP-D19U8M5', ip: '10.211.163.181', os.name: 'Windows 10', os.arch: 'amd64', os.version: '10.0', java.version: '1.8.0_181'
Driver info: org.openqa.selenium.chrome.ChromeDriver
Capabilities {acceptInsecureCerts: false, browserName: chrome, browserVersion: 78.0.3904.70, chrome: {chromedriverVersion: 77.0.3865.40 (f484704e052e0..., userDataDir: C:\Users\MALLIK~1\AppData\L...}, goog:chromeOptions: {debuggerAddress: localhost:61974}, javascriptEnabled: true, networkConnectionEnabled: false, pageLoadStrategy: normal, platform: XP, platformName: XP, proxy: Proxy(), setWindowRect: true, strictFileInteractability: false, timeouts: {implicit: 0, pageLoad: 300000, script: 30000}, unhandledPromptBehavior: accept}
Session ID: 6f77349432d3efaa8ad0ac1a0f08ce8a
*** Element info: {Using=id, value=multiStepButton_custgroup_add}
2019-10-27 15:07:05 INFO  SNM_Telephony_AccountCode_Test:347 - After successful login
2019-10-27 15:10:04 INFO  SNM_Telephony_AccountCode_Test:29 - ========= Beginning of testcase :test_create_account_code_withCustomer ===========
2019-10-27 15:10:05 INFO  SNM_Telephony_AccountCode_Test:526 - After successful login
2019-10-27 15:10:22 INFO  SNM_Telephony_AccountCode_Test:566 - org.openqa.selenium.NoSuchElementException: no such element: Unable to locate element: {"method":"css selector","selector":"#multiStepButton_custgroup_add"}
  (Session info: chrome=78.0.3904.70)
For documentation on this error, please visit: https://www.seleniumhq.org/exceptions/no_such_element.html
Build info: version: '3.141.59', revision: 'e82be7d358', time: '2018-11-14T08:17:03'
System info: host: 'DESKTOP-D19U8M5', ip: '10.211.163.181', os.name: 'Windows 10', os.arch: 'amd64', os.version: '10.0', java.version: '1.8.0_181'
Driver info: org.openqa.selenium.chrome.ChromeDriver
Capabilities {acceptInsecureCerts: false, browserName: chrome, browserVersion: 78.0.3904.70, chrome: {chromedriverVersion: 77.0.3865.40 (f484704e052e0..., userDataDir: C:\Users\MALLIK~1\AppData\L...}, goog:chromeOptions: {debuggerAddress: localhost:62196}, javascriptEnabled: true, networkConnectionEnabled: false, pageLoadStrategy: normal, platform: XP, platformName: XP, proxy: Proxy(), setWindowRect: true, strictFileInteractability: false, timeouts: {implicit: 0, pageLoad: 300000, script: 30000}, unhandledPromptBehavior: accept}
Session ID: 0b3830346c29dc61ee1815cdbeb6b017
*** Element info: {Using=id, value=multiStepButton_custgroup_add}
2019-10-27 15:10:23 INFO  SNM_Telephony_AccountCode_Test:347 - After successful login
2019-10-27 15:10:29 INFO  SNM_Telephony_AccountCode_Test:384 - After successful login
2019-10-27 15:10:29 DEBUG SNM_Telephony_AccountCode_Test:394 - Record is present
2019-10-27 15:11:57 INFO  SNM_Telephony_AccountCode_Test:29 - ========= Beginning of testcase :test_create_accountCodeFirst_moreThan_15_Digits ===========
2019-10-27 15:11:59 INFO  SNM_Telephony_AccountCode_Test:243 - After successful login
2019-10-27 15:12:08 INFO  SNM_Telephony_AccountCode_Test:29 - ========= Beginning of testcase :test_create_accountCodeFirst_moreThan_15_Digits_withCustomer ===========
2019-10-27 15:12:09 INFO  SNM_Telephony_AccountCode_Test:736 - After successful login
2019-10-27 15:12:11 INFO  SNM_Telephony_AccountCode_Test:748 - Successfully added customer
2019-10-27 15:12:13 INFO  SNM_Telephony_AccountCode_Test:384 - After successful login
2019-10-27 15:12:14 DEBUG SNM_Telephony_AccountCode_Test:394 - Record is present
2019-10-27 15:12:21 INFO  SNM_Telephony_AccountCode_Test:29 - ========= Beginning of testcase :test_create_accountCodeLast_moreThan_15_Digits ===========
2019-10-27 15:12:22 INFO  SNM_Telephony_AccountCode_Test:299 - After successful login
2019-10-27 15:12:29 INFO  SNM_Telephony_AccountCode_Test:29 - ========= Beginning of testcase :test_create_accountCodeLast_moreThan_15_Digits_withCustomer ===========
2019-10-27 15:12:31 INFO  SNM_Telephony_AccountCode_Test:801 - After successful login
2019-10-27 15:12:33 INFO  SNM_Telephony_AccountCode_Test:813 - Successfully added customer
2019-10-27 15:12:35 INFO  SNM_Telephony_AccountCode_Test:384 - After successful login
2019-10-27 15:12:36 DEBUG SNM_Telephony_AccountCode_Test:394 - Record is present
2019-10-27 15:12:42 INFO  SNM_Telephony_AccountCode_Test:29 - ========= Beginning of testcase :test_create_accountCode_moreThan_15_Digits ===========
2019-10-27 15:12:44 INFO  SNM_Telephony_AccountCode_Test:188 - After successful login
2019-10-27 15:12:51 INFO  SNM_Telephony_AccountCode_Test:29 - ========= Beginning of testcase :test_create_accountCode_moreThan_15_Digits_withCustomer ===========
2019-10-27 15:12:53 INFO  SNM_Telephony_AccountCode_Test:672 - After successful login
2019-10-27 15:12:54 INFO  SNM_Telephony_AccountCode_Test:686 - Successfully added customer
2019-10-27 15:13:01 INFO  SNM_Telephony_AccountCode_Test:29 - ========= Beginning of testcase :test_create_account_code ===========
2019-10-27 15:13:02 INFO  SNM_Telephony_AccountCode_Test:64 - After successful login
2019-10-27 15:13:04 INFO  SNM_Telephony_AccountCode_Test:76 - After successful accCode creation
2019-10-27 15:13:06 INFO  SNM_Telephony_AccountCode_Test:347 - After successful login
2019-10-27 15:13:07 DEBUG SNM_Telephony_AccountCode_Test:357 - Record is present
2019-10-27 15:13:15 INFO  SNM_Telephony_AccountCode_Test:29 - ========= Beginning of testcase :test_create_account_code_withCustomer ===========
2019-10-27 15:13:17 INFO  SNM_Telephony_AccountCode_Test:526 - After successful login
2019-10-27 15:13:34 INFO  SNM_Telephony_AccountCode_Test:566 - org.openqa.selenium.NoSuchElementException: no such element: Unable to locate element: {"method":"css selector","selector":"#multiStepButton_custgroup_add"}
  (Session info: chrome=78.0.3904.70)
For documentation on this error, please visit: https://www.seleniumhq.org/exceptions/no_such_element.html
Build info: version: '3.141.59', revision: 'e82be7d358', time: '2018-11-14T08:17:03'
System info: host: 'DESKTOP-D19U8M5', ip: '10.211.163.181', os.name: 'Windows 10', os.arch: 'amd64', os.version: '10.0', java.version: '1.8.0_181'
Driver info: org.openqa.selenium.chrome.ChromeDriver
Capabilities {acceptInsecureCerts: false, browserName: chrome, browserVersion: 78.0.3904.70, chrome: {chromedriverVersion: 77.0.3865.40 (f484704e052e0..., userDataDir: C:\Users\MALLIK~1\AppData\L...}, goog:chromeOptions: {debuggerAddress: localhost:62618}, javascriptEnabled: true, networkConnectionEnabled: false, pageLoadStrategy: normal, platform: XP, platformName: XP, proxy: Proxy(), setWindowRect: true, strictFileInteractability: false, timeouts: {implicit: 0, pageLoad: 300000, script: 30000}, unhandledPromptBehavior: accept}
Session ID: 96a48f7ca83df1266fdd331839dc04b5
*** Element info: {Using=id, value=multiStepButton_custgroup_add}
2019-10-27 15:13:35 INFO  SNM_Telephony_AccountCode_Test:347 - After successful login
2019-10-27 15:13:40 INFO  SNM_Telephony_AccountCode_Test:384 - After successful login
2019-10-27 15:13:41 DEBUG SNM_Telephony_AccountCode_Test:394 - Record is present
2019-10-27 15:17:46 INFO  SNM_Telephony_AccountCode_Test:29 - ========= Beginning of testcase :test_create_accountCodeFirst_moreThan_15_Digits ===========
2019-10-27 15:17:47 INFO  SNM_Telephony_AccountCode_Test:243 - After successful login
2019-10-27 15:17:56 INFO  SNM_Telephony_AccountCode_Test:29 - ========= Beginning of testcase :test_create_accountCodeFirst_moreThan_15_Digits_withCustomer ===========
2019-10-27 15:17:58 INFO  SNM_Telephony_AccountCode_Test:737 - After successful login
2019-10-27 15:18:00 INFO  SNM_Telephony_AccountCode_Test:749 - Successfully added customer
2019-10-27 15:18:02 INFO  SNM_Telephony_AccountCode_Test:384 - After successful login
2019-10-27 15:18:03 DEBUG SNM_Telephony_AccountCode_Test:394 - Record is present
2019-10-27 15:18:10 INFO  SNM_Telephony_AccountCode_Test:29 - ========= Beginning of testcase :test_create_accountCodeLast_moreThan_15_Digits ===========
2019-10-27 15:18:11 INFO  SNM_Telephony_AccountCode_Test:299 - After successful login
2019-10-27 15:18:20 INFO  SNM_Telephony_AccountCode_Test:29 - ========= Beginning of testcase :test_create_accountCodeLast_moreThan_15_Digits_withCustomer ===========
2019-10-27 15:18:22 INFO  SNM_Telephony_AccountCode_Test:802 - After successful login
2019-10-27 15:18:24 INFO  SNM_Telephony_AccountCode_Test:814 - Successfully added customer
2019-10-27 15:18:26 INFO  SNM_Telephony_AccountCode_Test:384 - After successful login
2019-10-27 15:18:27 DEBUG SNM_Telephony_AccountCode_Test:394 - Record is present
2019-10-27 15:18:34 INFO  SNM_Telephony_AccountCode_Test:29 - ========= Beginning of testcase :test_create_accountCode_moreThan_15_Digits ===========
2019-10-27 15:18:35 INFO  SNM_Telephony_AccountCode_Test:188 - After successful login
2019-10-27 15:18:42 INFO  SNM_Telephony_AccountCode_Test:29 - ========= Beginning of testcase :test_create_accountCode_moreThan_15_Digits_withCustomer ===========
2019-10-27 15:18:44 INFO  SNM_Telephony_AccountCode_Test:672 - After successful login
2019-10-27 15:18:46 INFO  SNM_Telephony_AccountCode_Test:686 - Successfully added customer
2019-10-27 15:18:48 INFO  SNM_Telephony_AccountCode_Test:384 - After successful login
2019-10-27 15:18:48 DEBUG SNM_Telephony_AccountCode_Test:394 - Record is present
2019-10-27 15:18:55 INFO  SNM_Telephony_AccountCode_Test:29 - ========= Beginning of testcase :test_create_account_code ===========
2019-10-27 15:18:57 INFO  SNM_Telephony_AccountCode_Test:64 - After successful login
2019-10-27 15:18:58 INFO  SNM_Telephony_AccountCode_Test:76 - After successful accCode creation
2019-10-27 15:19:00 INFO  SNM_Telephony_AccountCode_Test:347 - After successful login
2019-10-27 15:19:01 DEBUG SNM_Telephony_AccountCode_Test:357 - Record is present
2019-10-27 15:19:10 INFO  SNM_Telephony_AccountCode_Test:29 - ========= Beginning of testcase :test_create_account_code_withCustomer ===========
2019-10-27 15:19:12 INFO  SNM_Telephony_AccountCode_Test:526 - After successful login
2019-10-27 15:19:13 INFO  SNM_Telephony_AccountCode_Test:540 - Successfully added customer
2019-10-27 15:19:14 INFO  SNM_Telephony_AccountCode_Test:547 - After successful accCode creation
2019-10-27 15:19:16 INFO  SNM_Telephony_AccountCode_Test:347 - After successful login
2019-10-27 15:19:17 DEBUG SNM_Telephony_AccountCode_Test:357 - Record is present
2019-10-27 15:19:22 INFO  SNM_Telephony_AccountCode_Test:384 - After successful login
2019-10-27 15:19:22 DEBUG SNM_Telephony_AccountCode_Test:394 - Record is present
2019-10-27 15:19:29 INFO  SNM_Telephony_AccountCode_Test:29 - ========= Beginning of testcase :test_create_account_code_with_firstANDLastCodes ===========
2019-10-27 15:19:31 INFO  SNM_Telephony_AccountCode_Test:126 - After successful login
2019-10-27 15:19:32 INFO  SNM_Telephony_AccountCode_Test:138 - After successful accCode creation
2019-10-27 15:19:34 INFO  SNM_Telephony_AccountCode_Test:347 - After successful login
2019-10-27 15:19:35 DEBUG SNM_Telephony_AccountCode_Test:357 - Record is present
2019-10-27 15:19:44 INFO  SNM_Telephony_AccountCode_Test:29 - ========= Beginning of testcase :test_create_account_code_with_firstANDLastCodes_withCustomer ===========
2019-10-27 15:19:46 INFO  SNM_Telephony_AccountCode_Test:598 - After successful login
2019-10-27 15:19:47 INFO  SNM_Telephony_AccountCode_Test:613 - Successfully added customer
2019-10-27 15:19:48 INFO  SNM_Telephony_AccountCode_Test:621 - After successful accCode creation
2019-10-27 15:19:50 INFO  SNM_Telephony_AccountCode_Test:347 - After successful login
2019-10-27 15:19:51 DEBUG SNM_Telephony_AccountCode_Test:357 - Record is present
2019-10-27 15:19:56 INFO  SNM_Telephony_AccountCode_Test:384 - After successful login
2019-10-27 15:19:56 DEBUG SNM_Telephony_AccountCode_Test:394 - Record is present
2019-10-27 15:20:03 INFO  SNM_Telephony_AccountCode_Test:29 - ========= Beginning of testcase :test_verify_errMsg_when_accCode_First_last_are_provided ===========
2019-10-27 15:20:05 INFO  SNM_Telephony_AccountCode_Test:356 - After successful login
2019-10-27 15:20:06 INFO  SNM_Telephony_AccountCode_Test:368 - Account Code: 999999999999999     Reason: Combination not Allowed             Message: Account Code and Account Code First or Last should not be provided together
2019-10-27 15:20:06 INFO  SNM_Telephony_AccountCode_Test:372 - Proper error message is displayed.
2019-10-27 15:20:12 INFO  SNM_Telephony_AccountCode_Test:29 - ========= Beginning of testcase :test_verify_errMsg_when_accCode_First_last_are_provided_withCustomer ===========
2019-10-27 15:20:14 INFO  SNM_Telephony_AccountCode_Test:868 - After successful login
2019-10-27 15:20:15 INFO  SNM_Telephony_AccountCode_Test:880 - Successfully added customer
2019-10-27 15:20:16 INFO  SNM_Telephony_AccountCode_Test:889 - Account Code: 999999999999999     Reason: Combination not Allowed             Message: Account Code and Account Code First or Last should not be provided together
2019-10-27 15:20:16 INFO  SNM_Telephony_AccountCode_Test:893 - Proper error message is displayed.
2019-10-27 15:20:18 INFO  SNM_Telephony_AccountCode_Test:384 - After successful login
2019-10-27 15:20:18 DEBUG SNM_Telephony_AccountCode_Test:394 - Record is present
2019-10-27 15:20:25 INFO  SNM_Telephony_AccountCode_Test:29 - ========= Beginning of testcase :test_verify_errMsg_when_only_accCode_First_is_provided ===========
2019-10-27 15:20:27 INFO  SNM_Telephony_AccountCode_Test:414 - After successful login
2019-10-27 15:20:28 INFO  SNM_Telephony_AccountCode_Test:426 - Account Code First: 999999999999999     Reason: Account Code Last is Required
2019-10-27 15:20:28 INFO  SNM_Telephony_AccountCode_Test:429 - Proper error message is displayed.
2019-10-27 15:20:34 INFO  SNM_Telephony_AccountCode_Test:29 - ========= Beginning of testcase :test_verify_errMsg_when_only_accCode_First_is_provided_withCustomer ===========
2019-10-27 15:20:35 INFO  SNM_Telephony_AccountCode_Test:937 - After successful login
2019-10-27 15:20:37 INFO  SNM_Telephony_AccountCode_Test:950 - Successfully added customer
2019-10-27 15:20:38 INFO  SNM_Telephony_AccountCode_Test:959 - Account Code First: 999999999999999     Reason: Account Code Last is Required
2019-10-27 15:20:38 INFO  SNM_Telephony_AccountCode_Test:962 - Proper error message is displayed.
2019-10-27 15:20:39 INFO  SNM_Telephony_AccountCode_Test:384 - After successful login
2019-10-27 15:20:40 DEBUG SNM_Telephony_AccountCode_Test:394 - Record is present
2019-10-27 15:20:46 INFO  SNM_Telephony_AccountCode_Test:29 - ========= Beginning of testcase :test_verify_errMsg_when_only_accCode_Last_is_provided ===========
2019-10-27 15:20:48 INFO  SNM_Telephony_AccountCode_Test:470 - After successful login
2019-10-27 15:20:49 INFO  SNM_Telephony_AccountCode_Test:482 - Account Code Last:     Reason: Account Code First is Required
2019-10-27 15:20:49 INFO  SNM_Telephony_AccountCode_Test:484 - Proper error message is displayed.
2019-10-27 15:20:55 INFO  SNM_Telephony_AccountCode_Test:29 - ========= Beginning of testcase :test_verify_errMsg_when_only_accCode_Last_is_provided_withCustomer ===========
2019-10-27 15:20:57 INFO  SNM_Telephony_AccountCode_Test:1005 - After successful login
2019-10-27 15:20:59 INFO  SNM_Telephony_AccountCode_Test:1018 - Successfully added customer
2019-10-27 15:20:59 INFO  SNM_Telephony_AccountCode_Test:1027 - Account Code Last:     Reason: Account Code First is Required
2019-10-27 15:20:59 INFO  SNM_Telephony_AccountCode_Test:1029 - Proper error message is displayed.
2019-10-27 15:21:01 INFO  SNM_Telephony_AccountCode_Test:384 - After successful login
2019-10-27 15:21:01 DEBUG SNM_Telephony_AccountCode_Test:394 - Record is present
2019-10-27 16:08:32 INFO  SNM_Telephony_AccountCode_Test:29 - ========= Beginning of testcase :test_delete_accountCode_using_delete_button ===========
2019-10-27 16:08:34 INFO  SNM_Telephony_AccountCode_Test:126 - After successful login
2019-10-27 16:08:35 INFO  SNM_Telephony_AccountCode_Test:138 - After successful accCode creation
2019-10-27 16:08:50 INFO  SNM_Telephony_AccountCode_Test:161 - org.openqa.selenium.TimeoutException: Expected condition failed: waiting for text ('Remove operation successful for:') to be present in element Proxy element for: DefaultElementLocator 'By.xpath: //span[contains(@class,'responseMessage')]' (tried for 10 second(s) with 500 milliseconds interval)
2019-10-27 16:08:51 INFO  SNM_Telephony_AccountCode_Test:347 - After successful login
2019-10-27 16:08:52 DEBUG SNM_Telephony_AccountCode_Test:357 - Record is present
2019-10-27 16:13:08 INFO  SNM_Telephony_AccountCode_Test:29 - ========= Beginning of testcase :test_delete_accountCode_using_delete_button ===========
2019-10-27 16:13:10 INFO  SNM_Telephony_AccountCode_Test:126 - After successful login
2019-10-27 16:13:11 INFO  SNM_Telephony_AccountCode_Test:138 - After successful accCode creation
2019-10-27 16:13:14 INFO  SNM_Telephony_AccountCode_Test:347 - After successful login
2019-10-28 17:00:27 INFO  SNM_Telephony_Extension_CSP_Test:29 - ========= Beginning of testcase :test_create_CSP ===========
2019-10-28 17:00:29 INFO  SNM_Telephony_Extension_CSP_Test:58 - After successful login
2019-10-28 17:00:49 INFO  SNM_Telephony_Extension_CSP_Test:197 - org.openqa.selenium.NoSuchElementException: no such element: Unable to locate element: {"method":"css selector","selector":"*[name='Apply']"}
  (Session info: chrome=78.0.3904.70)
For documentation on this error, please visit: https://www.seleniumhq.org/exceptions/no_such_element.html
Build info: version: '3.141.59', revision: 'e82be7d358', time: '2018-11-14T08:17:03'
System info: host: 'DESKTOP-D19U8M5', ip: '10.211.163.181', os.name: 'Windows 10', os.arch: 'amd64', os.version: '10.0', java.version: '1.8.0_181'
Driver info: org.openqa.selenium.chrome.ChromeDriver
Capabilities {acceptInsecureCerts: false, browserName: chrome, browserVersion: 78.0.3904.70, chrome: {chromedriverVersion: 77.0.3865.40 (f484704e052e0..., userDataDir: C:\Users\MALLIK~1\AppData\L...}, goog:chromeOptions: {debuggerAddress: localhost:54880}, javascriptEnabled: true, networkConnectionEnabled: false, pageLoadStrategy: normal, platform: XP, platformName: XP, proxy: Proxy(), setWindowRect: true, strictFileInteractability: false, timeouts: {implicit: 0, pageLoad: 300000, script: 30000}, unhandledPromptBehavior: accept}
Session ID: 27807cd0cda35e8cb1b3634013913d2f
*** Element info: {Using=name, value=Apply}
2019-10-28 17:01:40 INFO  SNM_Telephony_Extension_CSP_Test:29 - ========= Beginning of testcase :test_create_CSP ===========
2019-10-28 17:01:42 INFO  SNM_Telephony_Extension_CSP_Test:58 - After successful login
2019-10-28 17:02:02 INFO  SNM_Telephony_Extension_CSP_Test:197 - org.openqa.selenium.NoSuchElementException: no such element: Unable to locate element: {"method":"css selector","selector":"*[name='Apply']"}
  (Session info: chrome=78.0.3904.70)
For documentation on this error, please visit: https://www.seleniumhq.org/exceptions/no_such_element.html
Build info: version: '3.141.59', revision: 'e82be7d358', time: '2018-11-14T08:17:03'
System info: host: 'DESKTOP-D19U8M5', ip: '10.211.163.181', os.name: 'Windows 10', os.arch: 'amd64', os.version: '10.0', java.version: '1.8.0_181'
Driver info: org.openqa.selenium.chrome.ChromeDriver
Capabilities {acceptInsecureCerts: false, browserName: chrome, browserVersion: 78.0.3904.70, chrome: {chromedriverVersion: 77.0.3865.40 (f484704e052e0..., userDataDir: C:\Users\MALLIK~1\AppData\L...}, goog:chromeOptions: {debuggerAddress: localhost:54990}, javascriptEnabled: true, networkConnectionEnabled: false, pageLoadStrategy: normal, platform: XP, platformName: XP, proxy: Proxy(), setWindowRect: true, strictFileInteractability: false, timeouts: {implicit: 0, pageLoad: 300000, script: 30000}, unhandledPromptBehavior: accept}
Session ID: 8c2a7578756a57ab4af4b95475f80b8b
*** Element info: {Using=name, value=Apply}
2019-10-28 17:02:03 INFO  SNM_Telephony_Extension_CSP_Test:425 - After successful login
2019-10-28 17:03:21 INFO  SNM_Telephony_Extension_CSP_Test:29 - ========= Beginning of testcase :test_create_CSP ===========
2019-10-28 17:03:23 INFO  SNM_Telephony_Extension_CSP_Test:58 - After successful login
2019-10-28 17:03:43 INFO  SNM_Telephony_Extension_CSP_Test:197 - org.openqa.selenium.NoSuchElementException: no such element: Unable to locate element: {"method":"xpath","selector":"//td[contains(text(),'1')]//following-sibling::td[contains(text(),'jkljl')]//preceding-sibling::td[22]"}
  (Session info: chrome=78.0.3904.70)
For documentation on this error, please visit: https://www.seleniumhq.org/exceptions/no_such_element.html
Build info: version: '3.141.59', revision: 'e82be7d358', time: '2018-11-14T08:17:03'
System info: host: 'DESKTOP-D19U8M5', ip: '10.211.163.181', os.name: 'Windows 10', os.arch: 'amd64', os.version: '10.0', java.version: '1.8.0_181'
Driver info: org.openqa.selenium.chrome.ChromeDriver
Capabilities {acceptInsecureCerts: false, browserName: chrome, browserVersion: 78.0.3904.70, chrome: {chromedriverVersion: 77.0.3865.40 (f484704e052e0..., userDataDir: C:\Users\MALLIK~1\AppData\L...}, goog:chromeOptions: {debuggerAddress: localhost:55121}, javascriptEnabled: true, networkConnectionEnabled: false, pageLoadStrategy: normal, platform: XP, platformName: XP, proxy: Proxy(), setWindowRect: true, strictFileInteractability: false, timeouts: {implicit: 0, pageLoad: 300000, script: 30000}, unhandledPromptBehavior: accept}
Session ID: 1f445d8a6c092b8e8d9d84ef8c331285
*** Element info: {Using=xpath, value=//td[contains(text(),'1')]//following-sibling::td[contains(text(),'jkljl')]//preceding-sibling::td[22]}
2019-10-28 17:03:45 INFO  SNM_Telephony_Extension_CSP_Test:425 - After successful login
2019-10-28 17:03:45 DEBUG SNM_Telephony_Extension_CSP_Test:435 - Record is present
2019-10-28 17:04:48 INFO  SNM_Telephony_Extension_CSP_Test:29 - ========= Beginning of testcase :test_create_CSP ===========
2019-10-28 17:04:50 INFO  SNM_Telephony_Extension_CSP_Test:58 - After successful login
2019-10-28 17:04:57 INFO  SNM_Telephony_Extension_CSP_Test:425 - After successful login
2019-10-28 17:04:58 DEBUG SNM_Telephony_Extension_CSP_Test:435 - Record is present
2019-10-28 17:05:45 INFO  SNM_Telephony_Extension_CSP_Test:29 - ========= Beginning of testcase :test_create_CSP ===========
2019-10-28 17:05:46 INFO  SNM_Telephony_Extension_CSP_Test:58 - After successful login
2019-10-28 17:05:56 FATAL SNM_Telephony_Extension_CSP_Test:191 - java.lang.AssertionError: expected [true] but found [false]
2019-10-28 17:05:58 INFO  SNM_Telephony_Extension_CSP_Test:425 - After successful login
2019-10-28 17:05:59 DEBUG SNM_Telephony_Extension_CSP_Test:435 - Record is present
